<?xml version="1.0" encoding="UTF-8"?>
<testsuites name="Feature Add Product" time="67.704" tests="2" failures="0" errors="0">
   <testsuite name="Feature Add Product" tests="2" failures="0" errors="0" time="67.704" skipped="0" timestamp="2023-07-19 10:17:12" hostname="user - LAPTOP-905USH3S" id="Test Suites/secondhand-web/Feature Add Product">
      <properties>
[...]
</properties>
      <testcase name="Test Cases/secondhand-web/Step Definition/Feature Add Product/AddCat001 - user should be abe to add product catalog with valid input" time="36.445" classname="Test Cases/secondhand-web/Step Definition/Feature Add Product/AddCat001 - user should be abe to add product catalog with valid input" status="PASSED">
         <system-out><![CDATA[2023-07-19 10:17:13 - [TEST_CASE][PASSED] - Test Cases/secondhand-web/Step Definition/Feature Add Product/AddCat001 - user should be abe to add product catalog with valid input: Test Cases/secondhand-web/Step Definition/Feature Add Product/AddCat001 - user should be abe to add product catalog with valid input

2023-07-19 10:17:13 - [TEST_STEP][PASSED] - callTestCase(findTestCase("secondhand-web/Common/Launch Web"), [:], STOP_ON_FAILURE): Call Test Case 'Test Cases/secondhand-web/Common/Launch Web' successfully

2023-07-19 10:17:13 - [MESSAGE][INFO] - Checking called Test Case

2023-07-19 10:17:13 - [MESSAGE][INFO] - Starting to call Test Case 'Test Cases/secondhand-web/Common/Launch Web'

2023-07-19 10:17:13 - [TEST_CASE][PASSED] - Test Cases/secondhand-web/Common/Launch Web: Test Cases/secondhand-web/Common/Launch Web

2023-07-19 10:17:14 - [TEST_STEP][PASSED] - openBrowser(""): Browser is opened with url: ''

2023-07-19 10:17:14 - [MESSAGE][INFO] - Opening browser

2023-07-19 10:17:14 - [MESSAGE][INFO] - Starting 'Chrome' driver

2023-07-19 10:17:14 - [MESSAGE][INFO] - Action delay is set to 0 milliseconds

2023-07-19 10:17:17 - [MESSAGE][PASSED] - Browser is opened with url: ''

2023-07-19 10:17:17 - [TEST_STEP][PASSED] - maximizeWindow(): Current window maximized

2023-07-19 10:17:17 - [MESSAGE][INFO] - Maximizing current window

2023-07-19 10:17:17 - [MESSAGE][PASSED] - Current window maximized

2023-07-19 10:17:17 - [MESSAGE][PASSED] - Call Test Case 'Test Cases/secondhand-web/Common/Launch Web' successfully

2023-07-19 10:17:17 - [TEST_STEP][PASSED] - callTestCase(findTestCase("secondhand-web/Common/Navigate To Web"), [:], STOP_ON_FAILURE): Call Test Case 'Test Cases/secondhand-web/Common/Navigate To Web' successfully

2023-07-19 10:17:17 - [MESSAGE][INFO] - Checking called Test Case

2023-07-19 10:17:17 - [MESSAGE][INFO] - Starting to call Test Case 'Test Cases/secondhand-web/Common/Navigate To Web'

2023-07-19 10:17:17 - [TEST_CASE][PASSED] - Test Cases/secondhand-web/Common/Navigate To Web: Test Cases/secondhand-web/Common/Navigate To Web

2023-07-19 10:17:18 - [TEST_STEP][PASSED] - navigateToUrl(baseUrl): Navigate to 'https://secondhand.binaracademy.org/' successfully

2023-07-19 10:17:18 - [MESSAGE][INFO] - Checking url

2023-07-19 10:17:18 - [MESSAGE][INFO] - Navigating to 'https://secondhand.binaracademy.org/'

2023-07-19 10:17:19 - [MESSAGE][PASSED] - Navigate to 'https://secondhand.binaracademy.org/' successfully

2023-07-19 10:17:19 - [MESSAGE][PASSED] - Call Test Case 'Test Cases/secondhand-web/Common/Navigate To Web' successfully

2023-07-19 10:17:19 - [TEST_STEP][PASSED] - callTestCase(findTestCase("secondhand-web/Pages/User Login/Click Button Masuk"), [:], STOP_ON_FAILURE): Call Test Case 'Test Cases/secondhand-web/Pages/User Login/Click Button Masuk' successfully

2023-07-19 10:17:19 - [MESSAGE][INFO] - Checking called Test Case

2023-07-19 10:17:19 - [MESSAGE][INFO] - Starting to call Test Case 'Test Cases/secondhand-web/Pages/User Login/Click Button Masuk'

2023-07-19 10:17:19 - [TEST_CASE][PASSED] - Test Cases/secondhand-web/Pages/User Login/Click Button Masuk: Test Cases/secondhand-web/Pages/User Login/Click Button Masuk

2023-07-19 10:17:19 - [TEST_STEP][PASSED] - verifyElementVisible(findTestObject("secondhand-web/Login/Click Button Masuk"), STOP_ON_FAILURE): Object 'Object Repository/secondhand-web/Login/Click Button Masuk' is visible

2023-07-19 10:17:19 - [MESSAGE][INFO] - Finding Test Object 'Object Repository/secondhand-web/Login/Click Button Masuk'

2023-07-19 10:17:19 - [MESSAGE][INFO] - Checking object

2023-07-19 10:17:19 - [MESSAGE][INFO] - Finding web element from Test Object's properties

2023-07-19 10:17:19 - [MESSAGE][INFO] - Checking timeout

2023-07-19 10:17:19 - [MESSAGE][INFO] - Finding web element with id: 'Object Repository/secondhand-web/Login/Click Button Masuk' located by 'By.xpath: //div[@id='navbarSupportedContent']/div/a' in '30' second(s)

2023-07-19 10:17:19 - [MESSAGE][INFO] - Smart Wait Function is triggered

2023-07-19 10:17:20 - [MESSAGE][INFO] - Found 1 web elements with id: 'Object Repository/secondhand-web/Login/Click Button Masuk' located by 'By.xpath: //div[@id='navbarSupportedContent']/div/a' in '30' second(s)

2023-07-19 10:17:20 - [MESSAGE][PASSED] - Object 'Object Repository/secondhand-web/Login/Click Button Masuk' is visible

2023-07-19 10:17:20 - [TEST_STEP][PASSED] - click(findTestObject("secondhand-web/Login/Click Button Masuk")): Object: 'Object Repository/secondhand-web/Login/Click Button Masuk' is clicked on

2023-07-19 10:17:20 - [MESSAGE][INFO] - Finding Test Object 'Object Repository/secondhand-web/Login/Click Button Masuk'

2023-07-19 10:17:20 - [MESSAGE][INFO] - Checking object

2023-07-19 10:17:20 - [MESSAGE][INFO] - Checking timeout

2023-07-19 10:17:20 - [MESSAGE][INFO] - Finding web element from Test Object's properties

2023-07-19 10:17:20 - [MESSAGE][INFO] - Checking timeout

2023-07-19 10:17:20 - [MESSAGE][INFO] - Finding web element with id: 'Object Repository/secondhand-web/Login/Click Button Masuk' located by 'By.xpath: //div[@id='navbarSupportedContent']/div/a' in '30' second(s)

2023-07-19 10:17:20 - [MESSAGE][INFO] - Smart Wait Function is triggered

2023-07-19 10:17:20 - [MESSAGE][INFO] - Found 1 web elements with id: 'Object Repository/secondhand-web/Login/Click Button Masuk' located by 'By.xpath: //div[@id='navbarSupportedContent']/div/a' in '30' second(s)

2023-07-19 10:17:20 - [MESSAGE][INFO] - Clicking on object: 'Object Repository/secondhand-web/Login/Click Button Masuk'

2023-07-19 10:17:20 - [MESSAGE][PASSED] - Object: 'Object Repository/secondhand-web/Login/Click Button Masuk' is clicked on

2023-07-19 10:17:20 - [MESSAGE][PASSED] - Call Test Case 'Test Cases/secondhand-web/Pages/User Login/Click Button Masuk' successfully

2023-07-19 10:17:20 - [TEST_STEP][PASSED] - callTestCase(findTestCase("secondhand-web/Pages/User Login/Input Email"), ["email":emailOktaSeller], STOP_ON_FAILURE): Call Test Case 'Test Cases/secondhand-web/Pages/User Login/Input Email' successfully

2023-07-19 10:17:20 - [MESSAGE][INFO] - Checking called Test Case

2023-07-19 10:17:20 - [MESSAGE][INFO] - Starting to call Test Case 'Test Cases/secondhand-web/Pages/User Login/Input Email'

2023-07-19 10:17:20 - [TEST_CASE][PASSED] - Test Cases/secondhand-web/Pages/User Login/Input Email: Test Cases/secondhand-web/Pages/User Login/Input Email

2023-07-19 10:17:20 - [TEST_STEP][PASSED] - waitForElementVisible(findTestObject("secondhand-web/Login/Input_email"), 3): Object 'Object Repository/secondhand-web/Login/Input_email' is visible

2023-07-19 10:17:20 - [MESSAGE][INFO] - Finding Test Object 'Object Repository/secondhand-web/Login/Input_email'

2023-07-19 10:17:21 - [MESSAGE][INFO] - Checking object

2023-07-19 10:17:21 - [MESSAGE][INFO] - Checking timeout

2023-07-19 10:17:21 - [MESSAGE][INFO] - Finding web element from Test Object's properties

2023-07-19 10:17:21 - [MESSAGE][INFO] - Checking timeout

2023-07-19 10:17:21 - [MESSAGE][INFO] - Finding web element with id: 'Object Repository/secondhand-web/Login/Input_email' located by 'By.xpath: //input[@id='user_email']' in '3' second(s)

2023-07-19 10:17:21 - [MESSAGE][INFO] - Smart Wait Function is triggered

2023-07-19 10:17:21 - [MESSAGE][INFO] - Found 1 web elements with id: 'Object Repository/secondhand-web/Login/Input_email' located by 'By.xpath: //input[@id='user_email']' in '3' second(s)

2023-07-19 10:17:21 - [MESSAGE][PASSED] - Object 'Object Repository/secondhand-web/Login/Input_email' is visible

2023-07-19 10:17:21 - [TEST_STEP][PASSED] - setText(findTestObject("secondhand-web/Login/Input_email"), email): Text 'oktaviadpp_seller@gmail.com' is set on object 'Object Repository/secondhand-web/Login/Input_email'

2023-07-19 10:17:21 - [MESSAGE][INFO] - Finding Test Object 'Object Repository/secondhand-web/Login/Input_email'

2023-07-19 10:17:21 - [MESSAGE][INFO] - Checking object

2023-07-19 10:17:21 - [MESSAGE][INFO] - Checking text

2023-07-19 10:17:21 - [MESSAGE][INFO] - Finding web element from Test Object's properties

2023-07-19 10:17:21 - [MESSAGE][INFO] - Checking timeout

2023-07-19 10:17:21 - [MESSAGE][INFO] - Finding web element with id: 'Object Repository/secondhand-web/Login/Input_email' located by 'By.xpath: //input[@id='user_email']' in '30' second(s)

2023-07-19 10:17:21 - [MESSAGE][INFO] - Smart Wait Function is triggered

2023-07-19 10:17:21 - [MESSAGE][INFO] - Found 1 web elements with id: 'Object Repository/secondhand-web/Login/Input_email' located by 'By.xpath: //input[@id='user_email']' in '30' second(s)

2023-07-19 10:17:21 - [MESSAGE][INFO] - Clearing text of object 'Object Repository/secondhand-web/Login/Input_email'

2023-07-19 10:17:21 - [MESSAGE][INFO] - Finding web element from Test Object's properties

2023-07-19 10:17:21 - [MESSAGE][INFO] - Checking timeout

2023-07-19 10:17:21 - [MESSAGE][INFO] - Finding web element with id: 'Object Repository/secondhand-web/Login/Input_email' located by 'By.xpath: //input[@id='user_email']' in '30' second(s)

2023-07-19 10:17:21 - [MESSAGE][INFO] - Smart Wait Function is triggered

2023-07-19 10:17:22 - [MESSAGE][INFO] - Found 1 web elements with id: 'Object Repository/secondhand-web/Login/Input_email' located by 'By.xpath: //input[@id='user_email']' in '30' second(s)

2023-07-19 10:17:22 - [MESSAGE][INFO] - Setting text of object 'Object Repository/secondhand-web/Login/Input_email' to value 'oktaviadpp_seller@gmail.com'

2023-07-19 10:17:22 - [MESSAGE][PASSED] - Text 'oktaviadpp_seller@gmail.com' is set on object 'Object Repository/secondhand-web/Login/Input_email'

2023-07-19 10:17:22 - [TEST_STEP][PASSED] - takeScreenshot(): Taking screenshot successfully

2023-07-19 10:17:22 - [MESSAGE][INFO] - Smart Wait Function is triggered

2023-07-19 10:17:23 - [MESSAGE][PASSED] - Taking screenshot successfully
[[ATTACHMENT|D:\\Binar Academy\\Platinum Challenge\\SQA-Wave9-Kelompok2\\Reports\\20230719_101708\\secondhand-web\\Feature Add Product\\20230719_101708\\1689736642511.png]]

2023-07-19 10:17:23 - [MESSAGE][PASSED] - Call Test Case 'Test Cases/secondhand-web/Pages/User Login/Input Email' successfully

2023-07-19 10:17:23 - [TEST_STEP][PASSED] - callTestCase(findTestCase("secondhand-web/Pages/User Login/Input Password"), ["password":pwdOktaSeller], STOP_ON_FAILURE): Call Test Case 'Test Cases/secondhand-web/Pages/User Login/Input Password' successfully

2023-07-19 10:17:23 - [MESSAGE][INFO] - Checking called Test Case

2023-07-19 10:17:23 - [MESSAGE][INFO] - Starting to call Test Case 'Test Cases/secondhand-web/Pages/User Login/Input Password'

2023-07-19 10:17:23 - [TEST_CASE][PASSED] - Test Cases/secondhand-web/Pages/User Login/Input Password: Test Cases/secondhand-web/Pages/User Login/Input Password

2023-07-19 10:17:23 - [TEST_STEP][PASSED] - waitForElementVisible(findTestObject("secondhand-web/Login/Input_password"), 3): Object 'Object Repository/secondhand-web/Login/Input_password' is visible

2023-07-19 10:17:23 - [MESSAGE][INFO] - Finding Test Object 'Object Repository/secondhand-web/Login/Input_password'

2023-07-19 10:17:23 - [MESSAGE][INFO] - Checking object

2023-07-19 10:17:23 - [MESSAGE][INFO] - Checking timeout

2023-07-19 10:17:23 - [MESSAGE][INFO] - Finding web element from Test Object's properties

2023-07-19 10:17:23 - [MESSAGE][INFO] - Checking timeout

2023-07-19 10:17:23 - [MESSAGE][INFO] - Finding web element with id: 'Object Repository/secondhand-web/Login/Input_password' located by 'By.xpath: //input[@id='user_password']' in '3' second(s)

2023-07-19 10:17:23 - [MESSAGE][INFO] - Smart Wait Function is triggered

2023-07-19 10:17:23 - [MESSAGE][INFO] - Found 1 web elements with id: 'Object Repository/secondhand-web/Login/Input_password' located by 'By.xpath: //input[@id='user_password']' in '3' second(s)

2023-07-19 10:17:23 - [MESSAGE][PASSED] - Object 'Object Repository/secondhand-web/Login/Input_password' is visible

2023-07-19 10:17:23 - [TEST_STEP][PASSED] - setText(findTestObject("secondhand-web/Login/Input_password"), password): Text '123456' is set on object 'Object Repository/secondhand-web/Login/Input_password'

2023-07-19 10:17:23 - [MESSAGE][INFO] - Finding Test Object 'Object Repository/secondhand-web/Login/Input_password'

2023-07-19 10:17:23 - [MESSAGE][INFO] - Checking object

2023-07-19 10:17:23 - [MESSAGE][INFO] - Checking text

2023-07-19 10:17:23 - [MESSAGE][INFO] - Finding web element from Test Object's properties

2023-07-19 10:17:23 - [MESSAGE][INFO] - Checking timeout

2023-07-19 10:17:23 - [MESSAGE][INFO] - Finding web element with id: 'Object Repository/secondhand-web/Login/Input_password' located by 'By.xpath: //input[@id='user_password']' in '30' second(s)

2023-07-19 10:17:23 - [MESSAGE][INFO] - Smart Wait Function is triggered

2023-07-19 10:17:24 - [MESSAGE][INFO] - Found 1 web elements with id: 'Object Repository/secondhand-web/Login/Input_password' located by 'By.xpath: //input[@id='user_password']' in '30' second(s)

2023-07-19 10:17:24 - [MESSAGE][INFO] - Clearing text of object 'Object Repository/secondhand-web/Login/Input_password'

2023-07-19 10:17:24 - [MESSAGE][INFO] - Finding web element from Test Object's properties

2023-07-19 10:17:24 - [MESSAGE][INFO] - Checking timeout

2023-07-19 10:17:24 - [MESSAGE][INFO] - Finding web element with id: 'Object Repository/secondhand-web/Login/Input_password' located by 'By.xpath: //input[@id='user_password']' in '30' second(s)

2023-07-19 10:17:24 - [MESSAGE][INFO] - Smart Wait Function is triggered

2023-07-19 10:17:24 - [MESSAGE][INFO] - Found 1 web elements with id: 'Object Repository/secondhand-web/Login/Input_password' located by 'By.xpath: //input[@id='user_password']' in '30' second(s)

2023-07-19 10:17:24 - [MESSAGE][INFO] - Setting text of object 'Object Repository/secondhand-web/Login/Input_password' to value '123456'

2023-07-19 10:17:24 - [MESSAGE][PASSED] - Text '123456' is set on object 'Object Repository/secondhand-web/Login/Input_password'

2023-07-19 10:17:24 - [TEST_STEP][PASSED] - takeScreenshot(): Taking screenshot successfully

2023-07-19 10:17:24 - [MESSAGE][INFO] - Smart Wait Function is triggered

2023-07-19 10:17:25 - [MESSAGE][PASSED] - Taking screenshot successfully
[[ATTACHMENT|D:\\Binar Academy\\Platinum Challenge\\SQA-Wave9-Kelompok2\\Reports\\20230719_101708\\secondhand-web\\Feature Add Product\\20230719_101708\\1689736644885.png]]

2023-07-19 10:17:25 - [MESSAGE][PASSED] - Call Test Case 'Test Cases/secondhand-web/Pages/User Login/Input Password' successfully

2023-07-19 10:17:25 - [TEST_STEP][PASSED] - callTestCase(findTestCase("secondhand-web/Pages/User Login/Button Masuk"), [:], STOP_ON_FAILURE): Call Test Case 'Test Cases/secondhand-web/Pages/User Login/Button Masuk' successfully

2023-07-19 10:17:25 - [MESSAGE][INFO] - Checking called Test Case

2023-07-19 10:17:25 - [MESSAGE][INFO] - Starting to call Test Case 'Test Cases/secondhand-web/Pages/User Login/Button Masuk'

2023-07-19 10:17:25 - [TEST_CASE][PASSED] - Test Cases/secondhand-web/Pages/User Login/Button Masuk: Test Cases/secondhand-web/Pages/User Login/Button Masuk

2023-07-19 10:17:25 - [TEST_STEP][PASSED] - verifyElementVisible(findTestObject("secondhand-web/Login/Button Masuk"), STOP_ON_FAILURE): Object 'Object Repository/secondhand-web/Login/Button Masuk' is visible

2023-07-19 10:17:25 - [MESSAGE][INFO] - Finding Test Object 'Object Repository/secondhand-web/Login/Button Masuk'

2023-07-19 10:17:25 - [MESSAGE][INFO] - Checking object

2023-07-19 10:17:25 - [MESSAGE][INFO] - Finding web element from Test Object's properties

2023-07-19 10:17:25 - [MESSAGE][INFO] - Checking timeout

2023-07-19 10:17:25 - [MESSAGE][INFO] - Finding web element with id: 'Object Repository/secondhand-web/Login/Button Masuk' located by 'By.xpath: //input[@name='commit']' in '30' second(s)

2023-07-19 10:17:25 - [MESSAGE][INFO] - Smart Wait Function is triggered

2023-07-19 10:17:26 - [MESSAGE][INFO] - Found 1 web elements with id: 'Object Repository/secondhand-web/Login/Button Masuk' located by 'By.xpath: //input[@name='commit']' in '30' second(s)

2023-07-19 10:17:26 - [MESSAGE][PASSED] - Object 'Object Repository/secondhand-web/Login/Button Masuk' is visible

2023-07-19 10:17:26 - [TEST_STEP][PASSED] - click(findTestObject("secondhand-web/Login/Button Masuk")): Object: 'Object Repository/secondhand-web/Login/Button Masuk' is clicked on

2023-07-19 10:17:26 - [MESSAGE][INFO] - Finding Test Object 'Object Repository/secondhand-web/Login/Button Masuk'

2023-07-19 10:17:26 - [MESSAGE][INFO] - Checking object

2023-07-19 10:17:26 - [MESSAGE][INFO] - Checking timeout

2023-07-19 10:17:26 - [MESSAGE][INFO] - Finding web element from Test Object's properties

2023-07-19 10:17:26 - [MESSAGE][INFO] - Checking timeout

2023-07-19 10:17:26 - [MESSAGE][INFO] - Finding web element with id: 'Object Repository/secondhand-web/Login/Button Masuk' located by 'By.xpath: //input[@name='commit']' in '30' second(s)

2023-07-19 10:17:26 - [MESSAGE][INFO] - Smart Wait Function is triggered

2023-07-19 10:17:26 - [MESSAGE][INFO] - Found 1 web elements with id: 'Object Repository/secondhand-web/Login/Button Masuk' located by 'By.xpath: //input[@name='commit']' in '30' second(s)

2023-07-19 10:17:26 - [MESSAGE][INFO] - Clicking on object: 'Object Repository/secondhand-web/Login/Button Masuk'

2023-07-19 10:17:26 - [MESSAGE][PASSED] - Object: 'Object Repository/secondhand-web/Login/Button Masuk' is clicked on

2023-07-19 10:17:26 - [MESSAGE][PASSED] - Call Test Case 'Test Cases/secondhand-web/Pages/User Login/Button Masuk' successfully

2023-07-19 10:17:26 - [TEST_STEP][PASSED] - callTestCase(findTestCase("secondhand-web/Pages/Homepage/Icon_Product"), [:], STOP_ON_FAILURE): Call Test Case 'Test Cases/secondhand-web/Pages/Homepage/Icon_Product' successfully

2023-07-19 10:17:26 - [MESSAGE][INFO] - Checking called Test Case

2023-07-19 10:17:26 - [MESSAGE][INFO] - Starting to call Test Case 'Test Cases/secondhand-web/Pages/Homepage/Icon_Product'

2023-07-19 10:17:26 - [TEST_CASE][PASSED] - Test Cases/secondhand-web/Pages/Homepage/Icon_Product: Test Cases/secondhand-web/Pages/Homepage/Icon_Product

2023-07-19 10:17:26 - [TEST_STEP][PASSED] - verifyElementVisible(findTestObject("secondhand-web/Homepage/Icon_Product")): Object 'Object Repository/secondhand-web/Homepage/Icon_Product' is visible

2023-07-19 10:17:26 - [MESSAGE][INFO] - Finding Test Object 'Object Repository/secondhand-web/Homepage/Icon_Product'

2023-07-19 10:17:26 - [MESSAGE][INFO] - Checking object

2023-07-19 10:17:26 - [MESSAGE][INFO] - Finding web element from Test Object's properties

2023-07-19 10:17:26 - [MESSAGE][INFO] - Checking timeout

2023-07-19 10:17:26 - [MESSAGE][INFO] - Finding web element with id: 'Object Repository/secondhand-web/Homepage/Icon_Product' located by 'By.xpath: //a[@href="/products"]' in '30' second(s)

2023-07-19 10:17:26 - [MESSAGE][INFO] - Smart Wait Function is triggered

2023-07-19 10:17:27 - [MESSAGE][INFO] - Found 1 web elements with id: 'Object Repository/secondhand-web/Homepage/Icon_Product' located by 'By.xpath: //a[@href="/products"]' in '30' second(s)

2023-07-19 10:17:27 - [MESSAGE][PASSED] - Object 'Object Repository/secondhand-web/Homepage/Icon_Product' is visible

2023-07-19 10:17:27 - [TEST_STEP][PASSED] - click(findTestObject("secondhand-web/Homepage/Icon_Product")): Object: 'Object Repository/secondhand-web/Homepage/Icon_Product' is clicked on

2023-07-19 10:17:27 - [MESSAGE][INFO] - Finding Test Object 'Object Repository/secondhand-web/Homepage/Icon_Product'

2023-07-19 10:17:27 - [MESSAGE][INFO] - Checking object

2023-07-19 10:17:27 - [MESSAGE][INFO] - Checking timeout

2023-07-19 10:17:27 - [MESSAGE][INFO] - Finding web element from Test Object's properties

2023-07-19 10:17:27 - [MESSAGE][INFO] - Checking timeout

2023-07-19 10:17:27 - [MESSAGE][INFO] - Finding web element with id: 'Object Repository/secondhand-web/Homepage/Icon_Product' located by 'By.xpath: //a[@href="/products"]' in '30' second(s)

2023-07-19 10:17:27 - [MESSAGE][INFO] - Smart Wait Function is triggered

2023-07-19 10:17:27 - [MESSAGE][INFO] - Found 1 web elements with id: 'Object Repository/secondhand-web/Homepage/Icon_Product' located by 'By.xpath: //a[@href="/products"]' in '30' second(s)

2023-07-19 10:17:27 - [MESSAGE][INFO] - Clicking on object: 'Object Repository/secondhand-web/Homepage/Icon_Product'

2023-07-19 10:17:28 - [MESSAGE][PASSED] - Object: 'Object Repository/secondhand-web/Homepage/Icon_Product' is clicked on

2023-07-19 10:17:28 - [MESSAGE][PASSED] - Call Test Case 'Test Cases/secondhand-web/Pages/Homepage/Icon_Product' successfully

2023-07-19 10:17:28 - [TEST_STEP][PASSED] - callTestCase(findTestCase("secondhand-web/Pages/My Product/Icon add product"), [:], STOP_ON_FAILURE): Call Test Case 'Test Cases/secondhand-web/Pages/My Product/Icon add product' successfully

2023-07-19 10:17:28 - [MESSAGE][INFO] - Checking called Test Case

2023-07-19 10:17:28 - [MESSAGE][INFO] - Starting to call Test Case 'Test Cases/secondhand-web/Pages/My Product/Icon add product'

2023-07-19 10:17:28 - [TEST_CASE][PASSED] - Test Cases/secondhand-web/Pages/My Product/Icon add product: Test Cases/secondhand-web/Pages/My Product/Icon add product

2023-07-19 10:17:28 - [TEST_STEP][PASSED] - verifyElementVisible(findTestObject("secondhand-web/My Products/button add product")): Object 'Object Repository/secondhand-web/My Products/button add product' is visible

2023-07-19 10:17:28 - [MESSAGE][INFO] - Finding Test Object 'Object Repository/secondhand-web/My Products/button add product'

2023-07-19 10:17:28 - [MESSAGE][INFO] - Checking object

2023-07-19 10:17:28 - [MESSAGE][INFO] - Finding web element from Test Object's properties

2023-07-19 10:17:28 - [MESSAGE][INFO] - Checking timeout

2023-07-19 10:17:28 - [MESSAGE][INFO] - Finding web element with id: 'Object Repository/secondhand-web/My Products/button add product' located by 'By.xpath: //a[@href="/products/new"]' in '30' second(s)

2023-07-19 10:17:28 - [MESSAGE][INFO] - Smart Wait Function is triggered

2023-07-19 10:17:28 - [MESSAGE][INFO] - Found 1 web elements with id: 'Object Repository/secondhand-web/My Products/button add product' located by 'By.xpath: //a[@href="/products/new"]' in '30' second(s)

2023-07-19 10:17:28 - [MESSAGE][PASSED] - Object 'Object Repository/secondhand-web/My Products/button add product' is visible

2023-07-19 10:17:28 - [TEST_STEP][PASSED] - click(findTestObject("secondhand-web/My Products/button add product")): Object: 'Object Repository/secondhand-web/My Products/button add product' is clicked on

2023-07-19 10:17:28 - [MESSAGE][INFO] - Finding Test Object 'Object Repository/secondhand-web/My Products/button add product'

2023-07-19 10:17:28 - [MESSAGE][INFO] - Checking object

2023-07-19 10:17:28 - [MESSAGE][INFO] - Checking timeout

2023-07-19 10:17:28 - [MESSAGE][INFO] - Finding web element from Test Object's properties

2023-07-19 10:17:28 - [MESSAGE][INFO] - Checking timeout

2023-07-19 10:17:28 - [MESSAGE][INFO] - Finding web element with id: 'Object Repository/secondhand-web/My Products/button add product' located by 'By.xpath: //a[@href="/products/new"]' in '30' second(s)

2023-07-19 10:17:28 - [MESSAGE][INFO] - Smart Wait Function is triggered

2023-07-19 10:17:29 - [MESSAGE][INFO] - Found 1 web elements with id: 'Object Repository/secondhand-web/My Products/button add product' located by 'By.xpath: //a[@href="/products/new"]' in '30' second(s)

2023-07-19 10:17:29 - [MESSAGE][INFO] - Clicking on object: 'Object Repository/secondhand-web/My Products/button add product'

2023-07-19 10:17:29 - [MESSAGE][PASSED] - Object: 'Object Repository/secondhand-web/My Products/button add product' is clicked on

2023-07-19 10:17:29 - [MESSAGE][PASSED] - Call Test Case 'Test Cases/secondhand-web/Pages/My Product/Icon add product' successfully

2023-07-19 10:17:29 - [TEST_STEP][PASSED] - callTestCase(findTestCase("secondhand-web/Pages/Create Product/Input Product Name"), ["product_name":"Camera Instax Fuji Film"], STOP_ON_FAILURE): Call Test Case 'Test Cases/secondhand-web/Pages/Create Product/Input Product Name' successfully

2023-07-19 10:17:29 - [MESSAGE][INFO] - Checking called Test Case

2023-07-19 10:17:29 - [MESSAGE][INFO] - Starting to call Test Case 'Test Cases/secondhand-web/Pages/Create Product/Input Product Name'

2023-07-19 10:17:29 - [TEST_CASE][PASSED] - Test Cases/secondhand-web/Pages/Create Product/Input Product Name: Test Cases/secondhand-web/Pages/Create Product/Input Product Name

2023-07-19 10:17:29 - [TEST_STEP][PASSED] - waitForElementVisible(findTestObject("secondhand-web/Add Product/input product name"), 0): Object 'Object Repository/secondhand-web/Add Product/input product name' is visible

2023-07-19 10:17:29 - [MESSAGE][INFO] - Finding Test Object 'Object Repository/secondhand-web/Add Product/input product name'

2023-07-19 10:17:29 - [MESSAGE][INFO] - Checking object

2023-07-19 10:17:29 - [MESSAGE][INFO] - Checking timeout

2023-07-19 10:17:29 - [MESSAGE][WARNING] - Timeout '0' is invalid. Using default page load timeout: '30'

2023-07-19 10:17:29 - [MESSAGE][INFO] - Finding web element from Test Object's properties

2023-07-19 10:17:29 - [MESSAGE][INFO] - Checking timeout

2023-07-19 10:17:29 - [MESSAGE][INFO] - Finding web element with id: 'Object Repository/secondhand-web/Add Product/input product name' located by 'By.xpath: //input[@id='product_name']' in '30' second(s)

2023-07-19 10:17:29 - [MESSAGE][INFO] - Smart Wait Function is triggered

2023-07-19 10:17:29 - [MESSAGE][INFO] - Found 1 web elements with id: 'Object Repository/secondhand-web/Add Product/input product name' located by 'By.xpath: //input[@id='product_name']' in '30' second(s)

2023-07-19 10:17:29 - [MESSAGE][PASSED] - Object 'Object Repository/secondhand-web/Add Product/input product name' is visible

2023-07-19 10:17:29 - [TEST_STEP][PASSED] - setText(findTestObject("secondhand-web/Add Product/input product name"), product_name): Text 'Camera Instax Fuji Film' is set on object 'Object Repository/secondhand-web/Add Product/input product name'

2023-07-19 10:17:29 - [MESSAGE][INFO] - Finding Test Object 'Object Repository/secondhand-web/Add Product/input product name'

2023-07-19 10:17:29 - [MESSAGE][INFO] - Checking object

2023-07-19 10:17:29 - [MESSAGE][INFO] - Checking text

2023-07-19 10:17:29 - [MESSAGE][INFO] - Finding web element from Test Object's properties

2023-07-19 10:17:29 - [MESSAGE][INFO] - Checking timeout

2023-07-19 10:17:29 - [MESSAGE][INFO] - Finding web element with id: 'Object Repository/secondhand-web/Add Product/input product name' located by 'By.xpath: //input[@id='product_name']' in '30' second(s)

2023-07-19 10:17:29 - [MESSAGE][INFO] - Smart Wait Function is triggered

2023-07-19 10:17:30 - [MESSAGE][INFO] - Found 1 web elements with id: 'Object Repository/secondhand-web/Add Product/input product name' located by 'By.xpath: //input[@id='product_name']' in '30' second(s)

2023-07-19 10:17:30 - [MESSAGE][INFO] - Clearing text of object 'Object Repository/secondhand-web/Add Product/input product name'

2023-07-19 10:17:30 - [MESSAGE][INFO] - Finding web element from Test Object's properties

2023-07-19 10:17:30 - [MESSAGE][INFO] - Checking timeout

2023-07-19 10:17:30 - [MESSAGE][INFO] - Finding web element with id: 'Object Repository/secondhand-web/Add Product/input product name' located by 'By.xpath: //input[@id='product_name']' in '30' second(s)

2023-07-19 10:17:30 - [MESSAGE][INFO] - Smart Wait Function is triggered

2023-07-19 10:17:30 - [MESSAGE][INFO] - Found 1 web elements with id: 'Object Repository/secondhand-web/Add Product/input product name' located by 'By.xpath: //input[@id='product_name']' in '30' second(s)

2023-07-19 10:17:30 - [MESSAGE][INFO] - Setting text of object 'Object Repository/secondhand-web/Add Product/input product name' to value 'Camera Instax Fuji Film'

2023-07-19 10:17:30 - [MESSAGE][PASSED] - Text 'Camera Instax Fuji Film' is set on object 'Object Repository/secondhand-web/Add Product/input product name'

2023-07-19 10:17:30 - [TEST_STEP][PASSED] - takeScreenshot(): Taking screenshot successfully

2023-07-19 10:17:30 - [MESSAGE][INFO] - Smart Wait Function is triggered

2023-07-19 10:17:31 - [MESSAGE][PASSED] - Taking screenshot successfully
[[ATTACHMENT|D:\\Binar Academy\\Platinum Challenge\\SQA-Wave9-Kelompok2\\Reports\\20230719_101708\\secondhand-web\\Feature Add Product\\20230719_101708\\1689736650915.png]]

2023-07-19 10:17:31 - [MESSAGE][PASSED] - Call Test Case 'Test Cases/secondhand-web/Pages/Create Product/Input Product Name' successfully

2023-07-19 10:17:31 - [TEST_STEP][PASSED] - callTestCase(findTestCase("secondhand-web/Pages/Create Product/Input Product Price"), ["product_price":"12345"], STOP_ON_FAILURE): Call Test Case 'Test Cases/secondhand-web/Pages/Create Product/Input Product Price' successfully

2023-07-19 10:17:31 - [MESSAGE][INFO] - Checking called Test Case

2023-07-19 10:17:31 - [MESSAGE][INFO] - Starting to call Test Case 'Test Cases/secondhand-web/Pages/Create Product/Input Product Price'

2023-07-19 10:17:31 - [TEST_CASE][PASSED] - Test Cases/secondhand-web/Pages/Create Product/Input Product Price: Test Cases/secondhand-web/Pages/Create Product/Input Product Price

2023-07-19 10:17:31 - [TEST_STEP][PASSED] - waitForElementPresent(findTestObject("secondhand-web/Add Product/input product price"), 3): Object 'Object Repository/secondhand-web/Add Product/input product price' is present

2023-07-19 10:17:31 - [MESSAGE][INFO] - Finding Test Object 'Object Repository/secondhand-web/Add Product/input product price'

2023-07-19 10:17:31 - [MESSAGE][INFO] - Checking object

2023-07-19 10:17:31 - [MESSAGE][INFO] - Finding web element from Test Object's properties

2023-07-19 10:17:31 - [MESSAGE][INFO] - Checking timeout

2023-07-19 10:17:31 - [MESSAGE][INFO] - Finding web element with id: 'Object Repository/secondhand-web/Add Product/input product price' located by 'By.xpath: //input[@id='product_price']' in '3' second(s)

2023-07-19 10:17:31 - [MESSAGE][INFO] - Smart Wait Function is triggered

2023-07-19 10:17:31 - [MESSAGE][INFO] - Found 1 web elements with id: 'Object Repository/secondhand-web/Add Product/input product price' located by 'By.xpath: //input[@id='product_price']' in '3' second(s)

2023-07-19 10:17:31 - [MESSAGE][PASSED] - Object 'Object Repository/secondhand-web/Add Product/input product price' is present

2023-07-19 10:17:31 - [TEST_STEP][PASSED] - setText(findTestObject("secondhand-web/Add Product/input product price"), product_price): Text '12345' is set on object 'Object Repository/secondhand-web/Add Product/input product price'

2023-07-19 10:17:31 - [MESSAGE][INFO] - Finding Test Object 'Object Repository/secondhand-web/Add Product/input product price'

2023-07-19 10:17:31 - [MESSAGE][INFO] - Checking object

2023-07-19 10:17:31 - [MESSAGE][INFO] - Checking text

2023-07-19 10:17:31 - [MESSAGE][INFO] - Finding web element from Test Object's properties

2023-07-19 10:17:31 - [MESSAGE][INFO] - Checking timeout

2023-07-19 10:17:31 - [MESSAGE][INFO] - Finding web element with id: 'Object Repository/secondhand-web/Add Product/input product price' located by 'By.xpath: //input[@id='product_price']' in '30' second(s)

2023-07-19 10:17:31 - [MESSAGE][INFO] - Smart Wait Function is triggered

2023-07-19 10:17:32 - [MESSAGE][INFO] - Found 1 web elements with id: 'Object Repository/secondhand-web/Add Product/input product price' located by 'By.xpath: //input[@id='product_price']' in '30' second(s)

2023-07-19 10:17:32 - [MESSAGE][INFO] - Clearing text of object 'Object Repository/secondhand-web/Add Product/input product price'

2023-07-19 10:17:32 - [MESSAGE][INFO] - Finding web element from Test Object's properties

2023-07-19 10:17:32 - [MESSAGE][INFO] - Checking timeout

2023-07-19 10:17:32 - [MESSAGE][INFO] - Finding web element with id: 'Object Repository/secondhand-web/Add Product/input product price' located by 'By.xpath: //input[@id='product_price']' in '30' second(s)

2023-07-19 10:17:32 - [MESSAGE][INFO] - Smart Wait Function is triggered

2023-07-19 10:17:32 - [MESSAGE][INFO] - Found 1 web elements with id: 'Object Repository/secondhand-web/Add Product/input product price' located by 'By.xpath: //input[@id='product_price']' in '30' second(s)

2023-07-19 10:17:32 - [MESSAGE][INFO] - Setting text of object 'Object Repository/secondhand-web/Add Product/input product price' to value '12345'

2023-07-19 10:17:32 - [MESSAGE][PASSED] - Text '12345' is set on object 'Object Repository/secondhand-web/Add Product/input product price'

2023-07-19 10:17:32 - [TEST_STEP][PASSED] - takeScreenshot(): Taking screenshot successfully

2023-07-19 10:17:32 - [MESSAGE][INFO] - Smart Wait Function is triggered

2023-07-19 10:17:33 - [MESSAGE][PASSED] - Taking screenshot successfully
[[ATTACHMENT|D:\\Binar Academy\\Platinum Challenge\\SQA-Wave9-Kelompok2\\Reports\\20230719_101708\\secondhand-web\\Feature Add Product\\20230719_101708\\1689736653104.png]]

2023-07-19 10:17:33 - [MESSAGE][PASSED] - Call Test Case 'Test Cases/secondhand-web/Pages/Create Product/Input Product Price' successfully

2023-07-19 10:17:33 - [TEST_STEP][PASSED] - callTestCase(findTestCase("secondhand-web/Pages/Create Product/Input Product Category"), ["category_value":"1"], STOP_ON_FAILURE): Call Test Case 'Test Cases/secondhand-web/Pages/Create Product/Input Product Category' successfully

2023-07-19 10:17:33 - [MESSAGE][INFO] - Checking called Test Case

2023-07-19 10:17:33 - [MESSAGE][INFO] - Starting to call Test Case 'Test Cases/secondhand-web/Pages/Create Product/Input Product Category'

2023-07-19 10:17:33 - [TEST_CASE][PASSED] - Test Cases/secondhand-web/Pages/Create Product/Input Product Category: Test Cases/secondhand-web/Pages/Create Product/Input Product Category

2023-07-19 10:17:33 - [TEST_STEP][PASSED] - waitForElementVisible(findTestObject("secondhand-web/Add Product/dropdown category"), 0): Object 'Object Repository/secondhand-web/Add Product/dropdown category' is visible

2023-07-19 10:17:33 - [MESSAGE][INFO] - Finding Test Object 'Object Repository/secondhand-web/Add Product/dropdown category'

2023-07-19 10:17:33 - [MESSAGE][INFO] - Checking object

2023-07-19 10:17:33 - [MESSAGE][INFO] - Checking timeout

2023-07-19 10:17:33 - [MESSAGE][WARNING] - Timeout '0' is invalid. Using default page load timeout: '30'

2023-07-19 10:17:33 - [MESSAGE][INFO] - Finding web element from Test Object's properties

2023-07-19 10:17:33 - [MESSAGE][INFO] - Checking timeout

2023-07-19 10:17:33 - [MESSAGE][INFO] - Finding web element with id: 'Object Repository/secondhand-web/Add Product/dropdown category' located by 'By.xpath: //select[@id="product_category_id"]' in '30' second(s)

2023-07-19 10:17:33 - [MESSAGE][INFO] - Smart Wait Function is triggered

2023-07-19 10:17:34 - [MESSAGE][INFO] - Found 1 web elements with id: 'Object Repository/secondhand-web/Add Product/dropdown category' located by 'By.xpath: //select[@id="product_category_id"]' in '30' second(s)

2023-07-19 10:17:34 - [MESSAGE][PASSED] - Object 'Object Repository/secondhand-web/Add Product/dropdown category' is visible

2023-07-19 10:17:34 - [TEST_STEP][PASSED] - selectOptionByValue(findTestObject("secondhand-web/Add Product/dropdown category"), category_value, false): All options with value '1' are selected in object 'Object Repository/secondhand-web/Add Product/dropdown category' 

2023-07-19 10:17:34 - [MESSAGE][INFO] - Finding Test Object 'Object Repository/secondhand-web/Add Product/dropdown category'

2023-07-19 10:17:34 - [MESSAGE][INFO] - Checking object

2023-07-19 10:17:34 - [MESSAGE][INFO] - Checking value parameter

2023-07-19 10:17:34 - [MESSAGE][INFO] - Finding web element from Test Object's properties

2023-07-19 10:17:34 - [MESSAGE][INFO] - Checking timeout

2023-07-19 10:17:34 - [MESSAGE][INFO] - Finding web element with id: 'Object Repository/secondhand-web/Add Product/dropdown category' located by 'By.xpath: //select[@id="product_category_id"]' in '30' second(s)

2023-07-19 10:17:34 - [MESSAGE][INFO] - Smart Wait Function is triggered

2023-07-19 10:17:34 - [MESSAGE][INFO] - Found 1 web elements with id: 'Object Repository/secondhand-web/Add Product/dropdown category' located by 'By.xpath: //select[@id="product_category_id"]' in '30' second(s)

2023-07-19 10:17:34 - [MESSAGE][INFO] - Selecting options on object 'Object Repository/secondhand-web/Add Product/dropdown category' with value '1'

2023-07-19 10:17:34 - [MESSAGE][INFO] - Smart Wait Function is triggered

2023-07-19 10:17:35 - [MESSAGE][PASSED] - All options with value '1' are selected in object 'Object Repository/secondhand-web/Add Product/dropdown category' 

2023-07-19 10:17:35 - [TEST_STEP][PASSED] - takeScreenshot(): Taking screenshot successfully

2023-07-19 10:17:35 - [MESSAGE][INFO] - Smart Wait Function is triggered

2023-07-19 10:17:35 - [MESSAGE][PASSED] - Taking screenshot successfully
[[ATTACHMENT|D:\\Binar Academy\\Platinum Challenge\\SQA-Wave9-Kelompok2\\Reports\\20230719_101708\\secondhand-web\\Feature Add Product\\20230719_101708\\1689736655367.png]]

2023-07-19 10:17:35 - [MESSAGE][PASSED] - Call Test Case 'Test Cases/secondhand-web/Pages/Create Product/Input Product Category' successfully

2023-07-19 10:17:35 - [TEST_STEP][PASSED] - callTestCase(findTestCase("secondhand-web/Pages/Create Product/Input Product Description"), ["product_desc":"ini adalah kamera canggih"], STOP_ON_FAILURE): Call Test Case 'Test Cases/secondhand-web/Pages/Create Product/Input Product Description' successfully

2023-07-19 10:17:35 - [MESSAGE][INFO] - Checking called Test Case

2023-07-19 10:17:35 - [MESSAGE][INFO] - Starting to call Test Case 'Test Cases/secondhand-web/Pages/Create Product/Input Product Description'

2023-07-19 10:17:35 - [TEST_CASE][PASSED] - Test Cases/secondhand-web/Pages/Create Product/Input Product Description: Test Cases/secondhand-web/Pages/Create Product/Input Product Description

2023-07-19 10:17:35 - [TEST_STEP][PASSED] - waitForElementVisible(findTestObject("secondhand-web/Add Product/input product description"), 0): Object 'Object Repository/secondhand-web/Add Product/input product description' is visible

2023-07-19 10:17:35 - [MESSAGE][INFO] - Finding Test Object 'Object Repository/secondhand-web/Add Product/input product description'

2023-07-19 10:17:35 - [MESSAGE][INFO] - Checking object

2023-07-19 10:17:35 - [MESSAGE][INFO] - Checking timeout

2023-07-19 10:17:35 - [MESSAGE][WARNING] - Timeout '0' is invalid. Using default page load timeout: '30'

2023-07-19 10:17:35 - [MESSAGE][INFO] - Finding web element from Test Object's properties

2023-07-19 10:17:35 - [MESSAGE][INFO] - Checking timeout

2023-07-19 10:17:35 - [MESSAGE][INFO] - Finding web element with id: 'Object Repository/secondhand-web/Add Product/input product description' located by 'By.xpath: //textarea[@id='product_description']' in '30' second(s)

2023-07-19 10:17:35 - [MESSAGE][INFO] - Smart Wait Function is triggered

2023-07-19 10:17:36 - [MESSAGE][INFO] - Found 1 web elements with id: 'Object Repository/secondhand-web/Add Product/input product description' located by 'By.xpath: //textarea[@id='product_description']' in '30' second(s)

2023-07-19 10:17:36 - [MESSAGE][PASSED] - Object 'Object Repository/secondhand-web/Add Product/input product description' is visible

2023-07-19 10:17:36 - [TEST_STEP][PASSED] - setText(findTestObject("secondhand-web/Add Product/input product description"), product_desc): Text 'ini adalah kamera canggih' is set on object 'Object Repository/secondhand-web/Add Product/input product description'

2023-07-19 10:17:36 - [MESSAGE][INFO] - Finding Test Object 'Object Repository/secondhand-web/Add Product/input product description'

2023-07-19 10:17:36 - [MESSAGE][INFO] - Checking object

2023-07-19 10:17:36 - [MESSAGE][INFO] - Checking text

2023-07-19 10:17:36 - [MESSAGE][INFO] - Finding web element from Test Object's properties

2023-07-19 10:17:36 - [MESSAGE][INFO] - Checking timeout

2023-07-19 10:17:36 - [MESSAGE][INFO] - Finding web element with id: 'Object Repository/secondhand-web/Add Product/input product description' located by 'By.xpath: //textarea[@id='product_description']' in '30' second(s)

2023-07-19 10:17:36 - [MESSAGE][INFO] - Smart Wait Function is triggered

2023-07-19 10:17:36 - [MESSAGE][INFO] - Found 1 web elements with id: 'Object Repository/secondhand-web/Add Product/input product description' located by 'By.xpath: //textarea[@id='product_description']' in '30' second(s)

2023-07-19 10:17:36 - [MESSAGE][INFO] - Clearing text of object 'Object Repository/secondhand-web/Add Product/input product description'

2023-07-19 10:17:36 - [MESSAGE][INFO] - Finding web element from Test Object's properties

2023-07-19 10:17:36 - [MESSAGE][INFO] - Checking timeout

2023-07-19 10:17:36 - [MESSAGE][INFO] - Finding web element with id: 'Object Repository/secondhand-web/Add Product/input product description' located by 'By.xpath: //textarea[@id='product_description']' in '30' second(s)

2023-07-19 10:17:36 - [MESSAGE][INFO] - Smart Wait Function is triggered

2023-07-19 10:17:37 - [MESSAGE][INFO] - Found 1 web elements with id: 'Object Repository/secondhand-web/Add Product/input product description' located by 'By.xpath: //textarea[@id='product_description']' in '30' second(s)

2023-07-19 10:17:37 - [MESSAGE][INFO] - Setting text of object 'Object Repository/secondhand-web/Add Product/input product description' to value 'ini adalah kamera canggih'

2023-07-19 10:17:37 - [MESSAGE][PASSED] - Text 'ini adalah kamera canggih' is set on object 'Object Repository/secondhand-web/Add Product/input product description'

2023-07-19 10:17:37 - [TEST_STEP][PASSED] - takeScreenshot(): Taking screenshot successfully

2023-07-19 10:17:37 - [MESSAGE][INFO] - Smart Wait Function is triggered

2023-07-19 10:17:37 - [MESSAGE][PASSED] - Taking screenshot successfully
[[ATTACHMENT|D:\\Binar Academy\\Platinum Challenge\\SQA-Wave9-Kelompok2\\Reports\\20230719_101708\\secondhand-web\\Feature Add Product\\20230719_101708\\1689736657593.png]]

2023-07-19 10:17:37 - [MESSAGE][PASSED] - Call Test Case 'Test Cases/secondhand-web/Pages/Create Product/Input Product Description' successfully

2023-07-19 10:17:37 - [TEST_STEP][PASSED] - callTestCase(findTestCase("secondhand-web/Pages/Create Product/Upload Product Images"), ["product_image":findTestData("image").getValue(2, 1)], STOP_ON_FAILURE): Call Test Case 'Test Cases/secondhand-web/Pages/Create Product/Upload Product Images' successfully

2023-07-19 10:17:37 - [MESSAGE][INFO] - Checking test data id

2023-07-19 10:17:37 - [MESSAGE][INFO] - Finding test data with id 'Data Files/image'

2023-07-19 10:17:37 - [MESSAGE][INFO] - Test data is internal data, reading internal data

2023-07-19 10:17:38 - [MESSAGE][INFO] - Checking called Test Case

2023-07-19 10:17:38 - [MESSAGE][INFO] - Starting to call Test Case 'Test Cases/secondhand-web/Pages/Create Product/Upload Product Images'

2023-07-19 10:17:38 - [TEST_CASE][PASSED] - Test Cases/secondhand-web/Pages/Create Product/Upload Product Images: Test Cases/secondhand-web/Pages/Create Product/Upload Product Images

2023-07-19 10:17:38 - [TEST_STEP][PASSED] - waitForElementVisible(findTestObject("secondhand-web/Add Product/upload image"), 3): Object 'Object Repository/secondhand-web/Add Product/upload image' is not visible after 3 second(s)

2023-07-19 10:17:38 - [MESSAGE][INFO] - Finding Test Object 'Object Repository/secondhand-web/Add Product/upload image'

2023-07-19 10:17:38 - [MESSAGE][INFO] - Checking object

2023-07-19 10:17:38 - [MESSAGE][INFO] - Checking timeout

2023-07-19 10:17:38 - [MESSAGE][INFO] - Finding web element from Test Object's properties

2023-07-19 10:17:38 - [MESSAGE][INFO] - Checking timeout

2023-07-19 10:17:38 - [MESSAGE][INFO] - Finding web element with id: 'Object Repository/secondhand-web/Add Product/upload image' located by 'By.xpath: //input[@type="file"]' in '3' second(s)

2023-07-19 10:17:38 - [MESSAGE][INFO] - Smart Wait Function is triggered

2023-07-19 10:17:38 - [MESSAGE][INFO] - Found 1 web elements with id: 'Object Repository/secondhand-web/Add Product/upload image' located by 'By.xpath: //input[@type="file"]' in '3' second(s)

2023-07-19 10:17:42 - [MESSAGE][WARNING] - Object 'Object Repository/secondhand-web/Add Product/upload image' is not visible after 3 second(s)

2023-07-19 10:17:42 - [TEST_STEP][PASSED] - uploadFile(findTestObject("secondhand-web/Add Product/upload image"), product_image): File 'D:\\Binar Academy\\Platinum Challenge\\SQA-Wave9-Kelompok2\\Data Files\\Testing Files\\camera.png' sent to object: 'Object Repository/secondhand-web/Add Product/upload image'

2023-07-19 10:17:42 - [MESSAGE][INFO] - Finding Test Object 'Object Repository/secondhand-web/Add Product/upload image'

2023-07-19 10:17:42 - [MESSAGE][INFO] - Checking object

2023-07-19 10:17:42 - [MESSAGE][INFO] - Uploading file 'D:\\Binar Academy\\Platinum Challenge\\SQA-Wave9-Kelompok2\\Data Files\\Testing Files\\camera.png' to object: 'Object Repository/secondhand-web/Add Product/upload image'

2023-07-19 10:17:42 - [MESSAGE][INFO] - Finding web element from Test Object's properties

2023-07-19 10:17:42 - [MESSAGE][INFO] - Checking timeout

2023-07-19 10:17:42 - [MESSAGE][INFO] - Finding web element with id: 'Object Repository/secondhand-web/Add Product/upload image' located by 'By.xpath: //input[@type="file"]' in '30' second(s)

2023-07-19 10:17:42 - [MESSAGE][INFO] - Smart Wait Function is triggered

2023-07-19 10:17:42 - [MESSAGE][INFO] - Found 1 web elements with id: 'Object Repository/secondhand-web/Add Product/upload image' located by 'By.xpath: //input[@type="file"]' in '30' second(s)

2023-07-19 10:17:42 - [MESSAGE][PASSED] - File 'D:\\Binar Academy\\Platinum Challenge\\SQA-Wave9-Kelompok2\\Data Files\\Testing Files\\camera.png' sent to object: 'Object Repository/secondhand-web/Add Product/upload image'

2023-07-19 10:17:42 - [TEST_STEP][PASSED] - takeScreenshot(): Taking screenshot successfully

2023-07-19 10:17:42 - [MESSAGE][INFO] - Smart Wait Function is triggered

2023-07-19 10:17:43 - [MESSAGE][PASSED] - Taking screenshot successfully
[[ATTACHMENT|D:\\Binar Academy\\Platinum Challenge\\SQA-Wave9-Kelompok2\\Reports\\20230719_101708\\secondhand-web\\Feature Add Product\\20230719_101708\\1689736662860.png]]

2023-07-19 10:17:43 - [MESSAGE][PASSED] - Call Test Case 'Test Cases/secondhand-web/Pages/Create Product/Upload Product Images' successfully

2023-07-19 10:17:43 - [TEST_STEP][PASSED] - callTestCase(findTestCase("secondhand-web/Pages/Create Product/Click button add or terbitkan"), [:], STOP_ON_FAILURE): Call Test Case 'Test Cases/secondhand-web/Pages/Create Product/Click button add or terbitkan' successfully

2023-07-19 10:17:43 - [MESSAGE][INFO] - Checking called Test Case

2023-07-19 10:17:43 - [MESSAGE][INFO] - Starting to call Test Case 'Test Cases/secondhand-web/Pages/Create Product/Click button add or terbitkan'

2023-07-19 10:17:43 - [TEST_CASE][PASSED] - Test Cases/secondhand-web/Pages/Create Product/Click button add or terbitkan: Test Cases/secondhand-web/Pages/Create Product/Click button add or terbitkan

2023-07-19 10:17:43 - [TEST_STEP][PASSED] - verifyElementVisible(findTestObject("secondhand-web/Add Product/button add or terbitkan")): Object 'Object Repository/secondhand-web/Add Product/button add or terbitkan' is visible

2023-07-19 10:17:43 - [MESSAGE][INFO] - Finding Test Object 'Object Repository/secondhand-web/Add Product/button add or terbitkan'

2023-07-19 10:17:43 - [MESSAGE][INFO] - Checking object

2023-07-19 10:17:43 - [MESSAGE][INFO] - Finding web element from Test Object's properties

2023-07-19 10:17:43 - [MESSAGE][INFO] - Checking timeout

2023-07-19 10:17:43 - [MESSAGE][INFO] - Finding web element with id: 'Object Repository/secondhand-web/Add Product/button add or terbitkan' located by 'By.xpath: //label[@for="product_status_published"]' in '30' second(s)

2023-07-19 10:17:43 - [MESSAGE][INFO] - Smart Wait Function is triggered

2023-07-19 10:17:43 - [MESSAGE][INFO] - Found 1 web elements with id: 'Object Repository/secondhand-web/Add Product/button add or terbitkan' located by 'By.xpath: //label[@for="product_status_published"]' in '30' second(s)

2023-07-19 10:17:43 - [MESSAGE][PASSED] - Object 'Object Repository/secondhand-web/Add Product/button add or terbitkan' is visible

2023-07-19 10:17:43 - [TEST_STEP][PASSED] - click(findTestObject("secondhand-web/Add Product/button add or terbitkan")): Object: 'Object Repository/secondhand-web/Add Product/button add or terbitkan' is clicked on

2023-07-19 10:17:43 - [MESSAGE][INFO] - Finding Test Object 'Object Repository/secondhand-web/Add Product/button add or terbitkan'

2023-07-19 10:17:43 - [MESSAGE][INFO] - Checking object

2023-07-19 10:17:43 - [MESSAGE][INFO] - Checking timeout

2023-07-19 10:17:43 - [MESSAGE][INFO] - Finding web element from Test Object's properties

2023-07-19 10:17:43 - [MESSAGE][INFO] - Checking timeout

2023-07-19 10:17:43 - [MESSAGE][INFO] - Finding web element with id: 'Object Repository/secondhand-web/Add Product/button add or terbitkan' located by 'By.xpath: //label[@for="product_status_published"]' in '30' second(s)

2023-07-19 10:17:43 - [MESSAGE][INFO] - Smart Wait Function is triggered

2023-07-19 10:17:44 - [MESSAGE][INFO] - Found 1 web elements with id: 'Object Repository/secondhand-web/Add Product/button add or terbitkan' located by 'By.xpath: //label[@for="product_status_published"]' in '30' second(s)

2023-07-19 10:17:44 - [MESSAGE][INFO] - Clicking on object: 'Object Repository/secondhand-web/Add Product/button add or terbitkan'

2023-07-19 10:17:45 - [MESSAGE][INFO] - Unable to click the Test Object, 30 second(s) remain to retry.

2023-07-19 10:17:48 - [MESSAGE][PASSED] - Object: 'Object Repository/secondhand-web/Add Product/button add or terbitkan' is clicked on

2023-07-19 10:17:48 - [MESSAGE][PASSED] - Call Test Case 'Test Cases/secondhand-web/Pages/Create Product/Click button add or terbitkan' successfully

2023-07-19 10:17:48 - [TEST_STEP][PASSED] - callTestCase(findTestCase("secondhand-web/Common/Close Web"), [:], STOP_ON_FAILURE): Call Test Case 'Test Cases/secondhand-web/Common/Close Web' successfully

2023-07-19 10:17:48 - [MESSAGE][INFO] - Checking called Test Case

2023-07-19 10:17:48 - [MESSAGE][INFO] - Starting to call Test Case 'Test Cases/secondhand-web/Common/Close Web'

2023-07-19 10:17:48 - [TEST_CASE][PASSED] - Test Cases/secondhand-web/Common/Close Web: Test Cases/secondhand-web/Common/Close Web

2023-07-19 10:17:48 - [TEST_STEP][PASSED] - closeBrowser(): Browser is closed

2023-07-19 10:17:48 - [MESSAGE][INFO] - Closing browser

2023-07-19 10:17:49 - [MESSAGE][PASSED] - Browser is closed

2023-07-19 10:17:49 - [MESSAGE][PASSED] - Call Test Case 'Test Cases/secondhand-web/Common/Close Web' successfully]]></system-out>
         <system-err><![CDATA[]]></system-err>
      </testcase>
      <testcase name="Test Cases/secondhand-web/Step Definition/Feature Add Product/AddCat002 - user should not be abe to add product catalog with empty input price" time="30.851" classname="Test Cases/secondhand-web/Step Definition/Feature Add Product/AddCat002 - user should not be abe to add product catalog with empty input price" status="PASSED">
         <system-out><![CDATA[2023-07-19 10:17:49 - [TEST_CASE][PASSED] - Test Cases/secondhand-web/Step Definition/Feature Add Product/AddCat002 - user should not be abe to add product catalog with empty input price: Test Cases/secondhand-web/Step Definition/Feature Add Product/AddCat002 - user should not be abe to add product catalog with empty input price

2023-07-19 10:17:49 - [TEST_STEP][PASSED] - callTestCase(findTestCase("secondhand-web/Common/Launch Web"), [:], STOP_ON_FAILURE): Call Test Case 'Test Cases/secondhand-web/Common/Launch Web' successfully

2023-07-19 10:17:49 - [MESSAGE][INFO] - Checking called Test Case

2023-07-19 10:17:49 - [MESSAGE][INFO] - Starting to call Test Case 'Test Cases/secondhand-web/Common/Launch Web'

2023-07-19 10:17:50 - [TEST_CASE][PASSED] - Test Cases/secondhand-web/Common/Launch Web: Test Cases/secondhand-web/Common/Launch Web

2023-07-19 10:17:50 - [TEST_STEP][PASSED] - openBrowser(""): Browser is opened with url: ''

2023-07-19 10:17:50 - [MESSAGE][INFO] - Opening browser

2023-07-19 10:17:50 - [MESSAGE][INFO] - Starting 'Chrome' driver

2023-07-19 10:17:50 - [MESSAGE][INFO] - Action delay is set to 0 milliseconds

2023-07-19 10:17:51 - [MESSAGE][PASSED] - Browser is opened with url: ''

2023-07-19 10:17:51 - [TEST_STEP][PASSED] - maximizeWindow(): Current window maximized

2023-07-19 10:17:51 - [MESSAGE][INFO] - Maximizing current window

2023-07-19 10:17:51 - [MESSAGE][PASSED] - Current window maximized

2023-07-19 10:17:51 - [MESSAGE][PASSED] - Call Test Case 'Test Cases/secondhand-web/Common/Launch Web' successfully

2023-07-19 10:17:51 - [TEST_STEP][PASSED] - callTestCase(findTestCase("secondhand-web/Common/Navigate To Web"), [:], STOP_ON_FAILURE): Call Test Case 'Test Cases/secondhand-web/Common/Navigate To Web' successfully

2023-07-19 10:17:51 - [MESSAGE][INFO] - Checking called Test Case

2023-07-19 10:17:51 - [MESSAGE][INFO] - Starting to call Test Case 'Test Cases/secondhand-web/Common/Navigate To Web'

2023-07-19 10:17:51 - [TEST_CASE][PASSED] - Test Cases/secondhand-web/Common/Navigate To Web: Test Cases/secondhand-web/Common/Navigate To Web

2023-07-19 10:17:51 - [TEST_STEP][PASSED] - navigateToUrl(baseUrl): Navigate to 'https://secondhand.binaracademy.org/' successfully

2023-07-19 10:17:51 - [MESSAGE][INFO] - Checking url

2023-07-19 10:17:51 - [MESSAGE][INFO] - Navigating to 'https://secondhand.binaracademy.org/'

2023-07-19 10:17:53 - [MESSAGE][PASSED] - Navigate to 'https://secondhand.binaracademy.org/' successfully

2023-07-19 10:17:53 - [MESSAGE][PASSED] - Call Test Case 'Test Cases/secondhand-web/Common/Navigate To Web' successfully

2023-07-19 10:17:53 - [TEST_STEP][PASSED] - callTestCase(findTestCase("secondhand-web/Pages/User Login/Click Button Masuk"), [:], STOP_ON_FAILURE): Call Test Case 'Test Cases/secondhand-web/Pages/User Login/Click Button Masuk' successfully

2023-07-19 10:17:53 - [MESSAGE][INFO] - Checking called Test Case

2023-07-19 10:17:53 - [MESSAGE][INFO] - Starting to call Test Case 'Test Cases/secondhand-web/Pages/User Login/Click Button Masuk'

2023-07-19 10:17:53 - [TEST_CASE][PASSED] - Test Cases/secondhand-web/Pages/User Login/Click Button Masuk: Test Cases/secondhand-web/Pages/User Login/Click Button Masuk

2023-07-19 10:17:53 - [TEST_STEP][PASSED] - verifyElementVisible(findTestObject("secondhand-web/Login/Click Button Masuk"), STOP_ON_FAILURE): Object 'Object Repository/secondhand-web/Login/Click Button Masuk' is visible

2023-07-19 10:17:53 - [MESSAGE][INFO] - Finding Test Object 'Object Repository/secondhand-web/Login/Click Button Masuk'

2023-07-19 10:17:53 - [MESSAGE][INFO] - Checking object

2023-07-19 10:17:53 - [MESSAGE][INFO] - Finding web element from Test Object's properties

2023-07-19 10:17:53 - [MESSAGE][INFO] - Checking timeout

2023-07-19 10:17:53 - [MESSAGE][INFO] - Finding web element with id: 'Object Repository/secondhand-web/Login/Click Button Masuk' located by 'By.xpath: //div[@id='navbarSupportedContent']/div/a' in '30' second(s)

2023-07-19 10:17:53 - [MESSAGE][INFO] - Smart Wait Function is triggered

2023-07-19 10:17:54 - [MESSAGE][INFO] - Found 1 web elements with id: 'Object Repository/secondhand-web/Login/Click Button Masuk' located by 'By.xpath: //div[@id='navbarSupportedContent']/div/a' in '30' second(s)

2023-07-19 10:17:54 - [MESSAGE][PASSED] - Object 'Object Repository/secondhand-web/Login/Click Button Masuk' is visible

2023-07-19 10:17:54 - [TEST_STEP][PASSED] - click(findTestObject("secondhand-web/Login/Click Button Masuk")): Object: 'Object Repository/secondhand-web/Login/Click Button Masuk' is clicked on

2023-07-19 10:17:54 - [MESSAGE][INFO] - Finding Test Object 'Object Repository/secondhand-web/Login/Click Button Masuk'

2023-07-19 10:17:54 - [MESSAGE][INFO] - Checking object

2023-07-19 10:17:54 - [MESSAGE][INFO] - Checking timeout

2023-07-19 10:17:54 - [MESSAGE][INFO] - Finding web element from Test Object's properties

2023-07-19 10:17:54 - [MESSAGE][INFO] - Checking timeout

2023-07-19 10:17:54 - [MESSAGE][INFO] - Finding web element with id: 'Object Repository/secondhand-web/Login/Click Button Masuk' located by 'By.xpath: //div[@id='navbarSupportedContent']/div/a' in '30' second(s)

2023-07-19 10:17:54 - [MESSAGE][INFO] - Smart Wait Function is triggered

2023-07-19 10:17:54 - [MESSAGE][INFO] - Found 1 web elements with id: 'Object Repository/secondhand-web/Login/Click Button Masuk' located by 'By.xpath: //div[@id='navbarSupportedContent']/div/a' in '30' second(s)

2023-07-19 10:17:54 - [MESSAGE][INFO] - Clicking on object: 'Object Repository/secondhand-web/Login/Click Button Masuk'

2023-07-19 10:17:54 - [MESSAGE][PASSED] - Object: 'Object Repository/secondhand-web/Login/Click Button Masuk' is clicked on

2023-07-19 10:17:54 - [MESSAGE][PASSED] - Call Test Case 'Test Cases/secondhand-web/Pages/User Login/Click Button Masuk' successfully

2023-07-19 10:17:54 - [TEST_STEP][PASSED] - callTestCase(findTestCase("secondhand-web/Pages/User Login/Input Email"), ["email":emailOktaSeller], STOP_ON_FAILURE): Call Test Case 'Test Cases/secondhand-web/Pages/User Login/Input Email' successfully

2023-07-19 10:17:54 - [MESSAGE][INFO] - Checking called Test Case

2023-07-19 10:17:54 - [MESSAGE][INFO] - Starting to call Test Case 'Test Cases/secondhand-web/Pages/User Login/Input Email'

2023-07-19 10:17:54 - [TEST_CASE][PASSED] - Test Cases/secondhand-web/Pages/User Login/Input Email: Test Cases/secondhand-web/Pages/User Login/Input Email

2023-07-19 10:17:54 - [TEST_STEP][PASSED] - waitForElementVisible(findTestObject("secondhand-web/Login/Input_email"), 3): Object 'Object Repository/secondhand-web/Login/Input_email' is visible

2023-07-19 10:17:54 - [MESSAGE][INFO] - Finding Test Object 'Object Repository/secondhand-web/Login/Input_email'

2023-07-19 10:17:54 - [MESSAGE][INFO] - Checking object

2023-07-19 10:17:54 - [MESSAGE][INFO] - Checking timeout

2023-07-19 10:17:54 - [MESSAGE][INFO] - Finding web element from Test Object's properties

2023-07-19 10:17:54 - [MESSAGE][INFO] - Checking timeout

2023-07-19 10:17:54 - [MESSAGE][INFO] - Finding web element with id: 'Object Repository/secondhand-web/Login/Input_email' located by 'By.xpath: //input[@id='user_email']' in '3' second(s)

2023-07-19 10:17:54 - [MESSAGE][INFO] - Smart Wait Function is triggered

2023-07-19 10:17:55 - [MESSAGE][INFO] - Found 1 web elements with id: 'Object Repository/secondhand-web/Login/Input_email' located by 'By.xpath: //input[@id='user_email']' in '3' second(s)

2023-07-19 10:17:55 - [MESSAGE][PASSED] - Object 'Object Repository/secondhand-web/Login/Input_email' is visible

2023-07-19 10:17:55 - [TEST_STEP][PASSED] - setText(findTestObject("secondhand-web/Login/Input_email"), email): Text 'oktaviadpp_seller@gmail.com' is set on object 'Object Repository/secondhand-web/Login/Input_email'

2023-07-19 10:17:55 - [MESSAGE][INFO] - Finding Test Object 'Object Repository/secondhand-web/Login/Input_email'

2023-07-19 10:17:55 - [MESSAGE][INFO] - Checking object

2023-07-19 10:17:55 - [MESSAGE][INFO] - Checking text

2023-07-19 10:17:55 - [MESSAGE][INFO] - Finding web element from Test Object's properties

2023-07-19 10:17:55 - [MESSAGE][INFO] - Checking timeout

2023-07-19 10:17:55 - [MESSAGE][INFO] - Finding web element with id: 'Object Repository/secondhand-web/Login/Input_email' located by 'By.xpath: //input[@id='user_email']' in '30' second(s)

2023-07-19 10:17:55 - [MESSAGE][INFO] - Smart Wait Function is triggered

2023-07-19 10:17:55 - [MESSAGE][INFO] - Found 1 web elements with id: 'Object Repository/secondhand-web/Login/Input_email' located by 'By.xpath: //input[@id='user_email']' in '30' second(s)

2023-07-19 10:17:55 - [MESSAGE][INFO] - Clearing text of object 'Object Repository/secondhand-web/Login/Input_email'

2023-07-19 10:17:55 - [MESSAGE][INFO] - Finding web element from Test Object's properties

2023-07-19 10:17:55 - [MESSAGE][INFO] - Checking timeout

2023-07-19 10:17:55 - [MESSAGE][INFO] - Finding web element with id: 'Object Repository/secondhand-web/Login/Input_email' located by 'By.xpath: //input[@id='user_email']' in '30' second(s)

2023-07-19 10:17:55 - [MESSAGE][INFO] - Smart Wait Function is triggered

2023-07-19 10:17:55 - [MESSAGE][INFO] - Found 1 web elements with id: 'Object Repository/secondhand-web/Login/Input_email' located by 'By.xpath: //input[@id='user_email']' in '30' second(s)

2023-07-19 10:17:55 - [MESSAGE][INFO] - Setting text of object 'Object Repository/secondhand-web/Login/Input_email' to value 'oktaviadpp_seller@gmail.com'

2023-07-19 10:17:56 - [MESSAGE][PASSED] - Text 'oktaviadpp_seller@gmail.com' is set on object 'Object Repository/secondhand-web/Login/Input_email'

2023-07-19 10:17:56 - [TEST_STEP][PASSED] - takeScreenshot(): Taking screenshot successfully

2023-07-19 10:17:56 - [MESSAGE][INFO] - Smart Wait Function is triggered

2023-07-19 10:17:57 - [MESSAGE][PASSED] - Taking screenshot successfully
[[ATTACHMENT|D:\\Binar Academy\\Platinum Challenge\\SQA-Wave9-Kelompok2\\Reports\\20230719_101708\\secondhand-web\\Feature Add Product\\20230719_101708\\1689736676436.png]]

2023-07-19 10:17:57 - [MESSAGE][PASSED] - Call Test Case 'Test Cases/secondhand-web/Pages/User Login/Input Email' successfully

2023-07-19 10:17:57 - [TEST_STEP][PASSED] - callTestCase(findTestCase("secondhand-web/Pages/User Login/Input Password"), ["password":pwdOktaSeller], STOP_ON_FAILURE): Call Test Case 'Test Cases/secondhand-web/Pages/User Login/Input Password' successfully

2023-07-19 10:17:57 - [MESSAGE][INFO] - Checking called Test Case

2023-07-19 10:17:57 - [MESSAGE][INFO] - Starting to call Test Case 'Test Cases/secondhand-web/Pages/User Login/Input Password'

2023-07-19 10:17:57 - [TEST_CASE][PASSED] - Test Cases/secondhand-web/Pages/User Login/Input Password: Test Cases/secondhand-web/Pages/User Login/Input Password

2023-07-19 10:17:57 - [TEST_STEP][PASSED] - waitForElementVisible(findTestObject("secondhand-web/Login/Input_password"), 3): Object 'Object Repository/secondhand-web/Login/Input_password' is visible

2023-07-19 10:17:57 - [MESSAGE][INFO] - Finding Test Object 'Object Repository/secondhand-web/Login/Input_password'

2023-07-19 10:17:57 - [MESSAGE][INFO] - Checking object

2023-07-19 10:17:57 - [MESSAGE][INFO] - Checking timeout

2023-07-19 10:17:57 - [MESSAGE][INFO] - Finding web element from Test Object's properties

2023-07-19 10:17:57 - [MESSAGE][INFO] - Checking timeout

2023-07-19 10:17:57 - [MESSAGE][INFO] - Finding web element with id: 'Object Repository/secondhand-web/Login/Input_password' located by 'By.xpath: //input[@id='user_password']' in '3' second(s)

2023-07-19 10:17:57 - [MESSAGE][INFO] - Smart Wait Function is triggered

2023-07-19 10:17:57 - [MESSAGE][INFO] - Found 1 web elements with id: 'Object Repository/secondhand-web/Login/Input_password' located by 'By.xpath: //input[@id='user_password']' in '3' second(s)

2023-07-19 10:17:57 - [MESSAGE][PASSED] - Object 'Object Repository/secondhand-web/Login/Input_password' is visible

2023-07-19 10:17:57 - [TEST_STEP][PASSED] - setText(findTestObject("secondhand-web/Login/Input_password"), password): Text '123456' is set on object 'Object Repository/secondhand-web/Login/Input_password'

2023-07-19 10:17:57 - [MESSAGE][INFO] - Finding Test Object 'Object Repository/secondhand-web/Login/Input_password'

2023-07-19 10:17:57 - [MESSAGE][INFO] - Checking object

2023-07-19 10:17:57 - [MESSAGE][INFO] - Checking text

2023-07-19 10:17:57 - [MESSAGE][INFO] - Finding web element from Test Object's properties

2023-07-19 10:17:57 - [MESSAGE][INFO] - Checking timeout

2023-07-19 10:17:57 - [MESSAGE][INFO] - Finding web element with id: 'Object Repository/secondhand-web/Login/Input_password' located by 'By.xpath: //input[@id='user_password']' in '30' second(s)

2023-07-19 10:17:57 - [MESSAGE][INFO] - Smart Wait Function is triggered

2023-07-19 10:17:58 - [MESSAGE][INFO] - Found 1 web elements with id: 'Object Repository/secondhand-web/Login/Input_password' located by 'By.xpath: //input[@id='user_password']' in '30' second(s)

2023-07-19 10:17:58 - [MESSAGE][INFO] - Clearing text of object 'Object Repository/secondhand-web/Login/Input_password'

2023-07-19 10:17:58 - [MESSAGE][INFO] - Finding web element from Test Object's properties

2023-07-19 10:17:58 - [MESSAGE][INFO] - Checking timeout

2023-07-19 10:17:58 - [MESSAGE][INFO] - Finding web element with id: 'Object Repository/secondhand-web/Login/Input_password' located by 'By.xpath: //input[@id='user_password']' in '30' second(s)

2023-07-19 10:17:58 - [MESSAGE][INFO] - Smart Wait Function is triggered

2023-07-19 10:17:58 - [MESSAGE][INFO] - Found 1 web elements with id: 'Object Repository/secondhand-web/Login/Input_password' located by 'By.xpath: //input[@id='user_password']' in '30' second(s)

2023-07-19 10:17:58 - [MESSAGE][INFO] - Setting text of object 'Object Repository/secondhand-web/Login/Input_password' to value '123456'

2023-07-19 10:17:58 - [MESSAGE][PASSED] - Text '123456' is set on object 'Object Repository/secondhand-web/Login/Input_password'

2023-07-19 10:17:58 - [TEST_STEP][PASSED] - takeScreenshot(): Taking screenshot successfully

2023-07-19 10:17:58 - [MESSAGE][INFO] - Smart Wait Function is triggered

2023-07-19 10:17:59 - [MESSAGE][PASSED] - Taking screenshot successfully
[[ATTACHMENT|D:\\Binar Academy\\Platinum Challenge\\SQA-Wave9-Kelompok2\\Reports\\20230719_101708\\secondhand-web\\Feature Add Product\\20230719_101708\\1689736678923.png]]

2023-07-19 10:17:59 - [MESSAGE][PASSED] - Call Test Case 'Test Cases/secondhand-web/Pages/User Login/Input Password' successfully

2023-07-19 10:17:59 - [TEST_STEP][PASSED] - callTestCase(findTestCase("secondhand-web/Pages/User Login/Button Masuk"), [:], STOP_ON_FAILURE): Call Test Case 'Test Cases/secondhand-web/Pages/User Login/Button Masuk' successfully

2023-07-19 10:17:59 - [MESSAGE][INFO] - Checking called Test Case

2023-07-19 10:17:59 - [MESSAGE][INFO] - Starting to call Test Case 'Test Cases/secondhand-web/Pages/User Login/Button Masuk'

2023-07-19 10:17:59 - [TEST_CASE][PASSED] - Test Cases/secondhand-web/Pages/User Login/Button Masuk: Test Cases/secondhand-web/Pages/User Login/Button Masuk

2023-07-19 10:17:59 - [TEST_STEP][PASSED] - verifyElementVisible(findTestObject("secondhand-web/Login/Button Masuk"), STOP_ON_FAILURE): Object 'Object Repository/secondhand-web/Login/Button Masuk' is visible

2023-07-19 10:17:59 - [MESSAGE][INFO] - Finding Test Object 'Object Repository/secondhand-web/Login/Button Masuk'

2023-07-19 10:17:59 - [MESSAGE][INFO] - Checking object

2023-07-19 10:17:59 - [MESSAGE][INFO] - Finding web element from Test Object's properties

2023-07-19 10:17:59 - [MESSAGE][INFO] - Checking timeout

2023-07-19 10:17:59 - [MESSAGE][INFO] - Finding web element with id: 'Object Repository/secondhand-web/Login/Button Masuk' located by 'By.xpath: //input[@name='commit']' in '30' second(s)

2023-07-19 10:17:59 - [MESSAGE][INFO] - Smart Wait Function is triggered

2023-07-19 10:17:59 - [MESSAGE][INFO] - Found 1 web elements with id: 'Object Repository/secondhand-web/Login/Button Masuk' located by 'By.xpath: //input[@name='commit']' in '30' second(s)

2023-07-19 10:18:00 - [MESSAGE][PASSED] - Object 'Object Repository/secondhand-web/Login/Button Masuk' is visible

2023-07-19 10:18:00 - [TEST_STEP][PASSED] - click(findTestObject("secondhand-web/Login/Button Masuk")): Object: 'Object Repository/secondhand-web/Login/Button Masuk' is clicked on

2023-07-19 10:18:00 - [MESSAGE][INFO] - Finding Test Object 'Object Repository/secondhand-web/Login/Button Masuk'

2023-07-19 10:18:00 - [MESSAGE][INFO] - Checking object

2023-07-19 10:18:00 - [MESSAGE][INFO] - Checking timeout

2023-07-19 10:18:00 - [MESSAGE][INFO] - Finding web element from Test Object's properties

2023-07-19 10:18:00 - [MESSAGE][INFO] - Checking timeout

2023-07-19 10:18:00 - [MESSAGE][INFO] - Finding web element with id: 'Object Repository/secondhand-web/Login/Button Masuk' located by 'By.xpath: //input[@name='commit']' in '30' second(s)

2023-07-19 10:18:00 - [MESSAGE][INFO] - Smart Wait Function is triggered

2023-07-19 10:18:00 - [MESSAGE][INFO] - Found 1 web elements with id: 'Object Repository/secondhand-web/Login/Button Masuk' located by 'By.xpath: //input[@name='commit']' in '30' second(s)

2023-07-19 10:18:00 - [MESSAGE][INFO] - Clicking on object: 'Object Repository/secondhand-web/Login/Button Masuk'

2023-07-19 10:18:00 - [MESSAGE][PASSED] - Object: 'Object Repository/secondhand-web/Login/Button Masuk' is clicked on

2023-07-19 10:18:00 - [MESSAGE][PASSED] - Call Test Case 'Test Cases/secondhand-web/Pages/User Login/Button Masuk' successfully

2023-07-19 10:18:00 - [TEST_STEP][PASSED] - callTestCase(findTestCase("secondhand-web/Pages/Homepage/Icon_Product"), [:], STOP_ON_FAILURE): Call Test Case 'Test Cases/secondhand-web/Pages/Homepage/Icon_Product' successfully

2023-07-19 10:18:00 - [MESSAGE][INFO] - Checking called Test Case

2023-07-19 10:18:00 - [MESSAGE][INFO] - Starting to call Test Case 'Test Cases/secondhand-web/Pages/Homepage/Icon_Product'

2023-07-19 10:18:00 - [TEST_CASE][PASSED] - Test Cases/secondhand-web/Pages/Homepage/Icon_Product: Test Cases/secondhand-web/Pages/Homepage/Icon_Product

2023-07-19 10:18:00 - [TEST_STEP][PASSED] - verifyElementVisible(findTestObject("secondhand-web/Homepage/Icon_Product")): Object 'Object Repository/secondhand-web/Homepage/Icon_Product' is visible

2023-07-19 10:18:00 - [MESSAGE][INFO] - Finding Test Object 'Object Repository/secondhand-web/Homepage/Icon_Product'

2023-07-19 10:18:00 - [MESSAGE][INFO] - Checking object

2023-07-19 10:18:00 - [MESSAGE][INFO] - Finding web element from Test Object's properties

2023-07-19 10:18:00 - [MESSAGE][INFO] - Checking timeout

2023-07-19 10:18:00 - [MESSAGE][INFO] - Finding web element with id: 'Object Repository/secondhand-web/Homepage/Icon_Product' located by 'By.xpath: //a[@href="/products"]' in '30' second(s)

2023-07-19 10:18:00 - [MESSAGE][INFO] - Smart Wait Function is triggered

2023-07-19 10:18:01 - [MESSAGE][INFO] - Found 1 web elements with id: 'Object Repository/secondhand-web/Homepage/Icon_Product' located by 'By.xpath: //a[@href="/products"]' in '30' second(s)

2023-07-19 10:18:01 - [MESSAGE][PASSED] - Object 'Object Repository/secondhand-web/Homepage/Icon_Product' is visible

2023-07-19 10:18:01 - [TEST_STEP][PASSED] - click(findTestObject("secondhand-web/Homepage/Icon_Product")): Object: 'Object Repository/secondhand-web/Homepage/Icon_Product' is clicked on

2023-07-19 10:18:01 - [MESSAGE][INFO] - Finding Test Object 'Object Repository/secondhand-web/Homepage/Icon_Product'

2023-07-19 10:18:01 - [MESSAGE][INFO] - Checking object

2023-07-19 10:18:01 - [MESSAGE][INFO] - Checking timeout

2023-07-19 10:18:01 - [MESSAGE][INFO] - Finding web element from Test Object's properties

2023-07-19 10:18:01 - [MESSAGE][INFO] - Checking timeout

2023-07-19 10:18:01 - [MESSAGE][INFO] - Finding web element with id: 'Object Repository/secondhand-web/Homepage/Icon_Product' located by 'By.xpath: //a[@href="/products"]' in '30' second(s)

2023-07-19 10:18:01 - [MESSAGE][INFO] - Smart Wait Function is triggered

2023-07-19 10:18:01 - [MESSAGE][INFO] - Found 1 web elements with id: 'Object Repository/secondhand-web/Homepage/Icon_Product' located by 'By.xpath: //a[@href="/products"]' in '30' second(s)

2023-07-19 10:18:01 - [MESSAGE][INFO] - Clicking on object: 'Object Repository/secondhand-web/Homepage/Icon_Product'

2023-07-19 10:18:01 - [MESSAGE][PASSED] - Object: 'Object Repository/secondhand-web/Homepage/Icon_Product' is clicked on

2023-07-19 10:18:01 - [MESSAGE][PASSED] - Call Test Case 'Test Cases/secondhand-web/Pages/Homepage/Icon_Product' successfully

2023-07-19 10:18:01 - [TEST_STEP][PASSED] - callTestCase(findTestCase("secondhand-web/Pages/My Product/Icon add product"), [:], STOP_ON_FAILURE): Call Test Case 'Test Cases/secondhand-web/Pages/My Product/Icon add product' successfully

2023-07-19 10:18:01 - [MESSAGE][INFO] - Checking called Test Case

2023-07-19 10:18:01 - [MESSAGE][INFO] - Starting to call Test Case 'Test Cases/secondhand-web/Pages/My Product/Icon add product'

2023-07-19 10:18:01 - [TEST_CASE][PASSED] - Test Cases/secondhand-web/Pages/My Product/Icon add product: Test Cases/secondhand-web/Pages/My Product/Icon add product

2023-07-19 10:18:01 - [TEST_STEP][PASSED] - verifyElementVisible(findTestObject("secondhand-web/My Products/button add product")): Object 'Object Repository/secondhand-web/My Products/button add product' is visible

2023-07-19 10:18:01 - [MESSAGE][INFO] - Finding Test Object 'Object Repository/secondhand-web/My Products/button add product'

2023-07-19 10:18:01 - [MESSAGE][INFO] - Checking object

2023-07-19 10:18:01 - [MESSAGE][INFO] - Finding web element from Test Object's properties

2023-07-19 10:18:01 - [MESSAGE][INFO] - Checking timeout

2023-07-19 10:18:01 - [MESSAGE][INFO] - Finding web element with id: 'Object Repository/secondhand-web/My Products/button add product' located by 'By.xpath: //a[@href="/products/new"]' in '30' second(s)

2023-07-19 10:18:01 - [MESSAGE][INFO] - Smart Wait Function is triggered

2023-07-19 10:18:02 - [MESSAGE][INFO] - Found 1 web elements with id: 'Object Repository/secondhand-web/My Products/button add product' located by 'By.xpath: //a[@href="/products/new"]' in '30' second(s)

2023-07-19 10:18:02 - [MESSAGE][PASSED] - Object 'Object Repository/secondhand-web/My Products/button add product' is visible

2023-07-19 10:18:02 - [TEST_STEP][PASSED] - click(findTestObject("secondhand-web/My Products/button add product")): Object: 'Object Repository/secondhand-web/My Products/button add product' is clicked on

2023-07-19 10:18:02 - [MESSAGE][INFO] - Finding Test Object 'Object Repository/secondhand-web/My Products/button add product'

2023-07-19 10:18:02 - [MESSAGE][INFO] - Checking object

2023-07-19 10:18:02 - [MESSAGE][INFO] - Checking timeout

2023-07-19 10:18:02 - [MESSAGE][INFO] - Finding web element from Test Object's properties

2023-07-19 10:18:02 - [MESSAGE][INFO] - Checking timeout

2023-07-19 10:18:02 - [MESSAGE][INFO] - Finding web element with id: 'Object Repository/secondhand-web/My Products/button add product' located by 'By.xpath: //a[@href="/products/new"]' in '30' second(s)

2023-07-19 10:18:02 - [MESSAGE][INFO] - Smart Wait Function is triggered

2023-07-19 10:18:02 - [MESSAGE][INFO] - Found 1 web elements with id: 'Object Repository/secondhand-web/My Products/button add product' located by 'By.xpath: //a[@href="/products/new"]' in '30' second(s)

2023-07-19 10:18:02 - [MESSAGE][INFO] - Clicking on object: 'Object Repository/secondhand-web/My Products/button add product'

2023-07-19 10:18:02 - [MESSAGE][PASSED] - Object: 'Object Repository/secondhand-web/My Products/button add product' is clicked on

2023-07-19 10:18:02 - [MESSAGE][PASSED] - Call Test Case 'Test Cases/secondhand-web/Pages/My Product/Icon add product' successfully

2023-07-19 10:18:02 - [TEST_STEP][PASSED] - callTestCase(findTestCase("secondhand-web/Pages/Create Product/Input Product Name"), ["product_name":"Camera Instax Fuji Film"], STOP_ON_FAILURE): Call Test Case 'Test Cases/secondhand-web/Pages/Create Product/Input Product Name' successfully

2023-07-19 10:18:02 - [MESSAGE][INFO] - Checking called Test Case

2023-07-19 10:18:02 - [MESSAGE][INFO] - Starting to call Test Case 'Test Cases/secondhand-web/Pages/Create Product/Input Product Name'

2023-07-19 10:18:02 - [TEST_CASE][PASSED] - Test Cases/secondhand-web/Pages/Create Product/Input Product Name: Test Cases/secondhand-web/Pages/Create Product/Input Product Name

2023-07-19 10:18:02 - [TEST_STEP][PASSED] - waitForElementVisible(findTestObject("secondhand-web/Add Product/input product name"), 0): Object 'Object Repository/secondhand-web/Add Product/input product name' is visible

2023-07-19 10:18:02 - [MESSAGE][INFO] - Finding Test Object 'Object Repository/secondhand-web/Add Product/input product name'

2023-07-19 10:18:02 - [MESSAGE][INFO] - Checking object

2023-07-19 10:18:02 - [MESSAGE][INFO] - Checking timeout

2023-07-19 10:18:02 - [MESSAGE][WARNING] - Timeout '0' is invalid. Using default page load timeout: '30'

2023-07-19 10:18:02 - [MESSAGE][INFO] - Finding web element from Test Object's properties

2023-07-19 10:18:02 - [MESSAGE][INFO] - Checking timeout

2023-07-19 10:18:02 - [MESSAGE][INFO] - Finding web element with id: 'Object Repository/secondhand-web/Add Product/input product name' located by 'By.xpath: //input[@id='product_name']' in '30' second(s)

2023-07-19 10:18:02 - [MESSAGE][INFO] - Smart Wait Function is triggered

2023-07-19 10:18:03 - [MESSAGE][INFO] - Found 1 web elements with id: 'Object Repository/secondhand-web/Add Product/input product name' located by 'By.xpath: //input[@id='product_name']' in '30' second(s)

2023-07-19 10:18:03 - [MESSAGE][PASSED] - Object 'Object Repository/secondhand-web/Add Product/input product name' is visible

2023-07-19 10:18:03 - [TEST_STEP][PASSED] - setText(findTestObject("secondhand-web/Add Product/input product name"), product_name): Text 'Camera Instax Fuji Film' is set on object 'Object Repository/secondhand-web/Add Product/input product name'

2023-07-19 10:18:03 - [MESSAGE][INFO] - Finding Test Object 'Object Repository/secondhand-web/Add Product/input product name'

2023-07-19 10:18:03 - [MESSAGE][INFO] - Checking object

2023-07-19 10:18:03 - [MESSAGE][INFO] - Checking text

2023-07-19 10:18:03 - [MESSAGE][INFO] - Finding web element from Test Object's properties

2023-07-19 10:18:03 - [MESSAGE][INFO] - Checking timeout

2023-07-19 10:18:03 - [MESSAGE][INFO] - Finding web element with id: 'Object Repository/secondhand-web/Add Product/input product name' located by 'By.xpath: //input[@id='product_name']' in '30' second(s)

2023-07-19 10:18:03 - [MESSAGE][INFO] - Smart Wait Function is triggered

2023-07-19 10:18:03 - [MESSAGE][INFO] - Found 1 web elements with id: 'Object Repository/secondhand-web/Add Product/input product name' located by 'By.xpath: //input[@id='product_name']' in '30' second(s)

2023-07-19 10:18:03 - [MESSAGE][INFO] - Clearing text of object 'Object Repository/secondhand-web/Add Product/input product name'

2023-07-19 10:18:03 - [MESSAGE][INFO] - Finding web element from Test Object's properties

2023-07-19 10:18:03 - [MESSAGE][INFO] - Checking timeout

2023-07-19 10:18:03 - [MESSAGE][INFO] - Finding web element with id: 'Object Repository/secondhand-web/Add Product/input product name' located by 'By.xpath: //input[@id='product_name']' in '30' second(s)

2023-07-19 10:18:03 - [MESSAGE][INFO] - Smart Wait Function is triggered

2023-07-19 10:18:03 - [MESSAGE][INFO] - Found 1 web elements with id: 'Object Repository/secondhand-web/Add Product/input product name' located by 'By.xpath: //input[@id='product_name']' in '30' second(s)

[...]

2023-07-19 10:18:06 - [MESSAGE][INFO] - Finding Test Object 'Object Repository/secondhand-web/Add Product/dropdown category'

2023-07-19 10:18:06 - [MESSAGE][INFO] - Checking object

2023-07-19 10:18:06 - [MESSAGE][INFO] - Checking value parameter

2023-07-19 10:18:06 - [MESSAGE][INFO] - Finding web element from Test Object's properties

2023-07-19 10:18:06 - [MESSAGE][INFO] - Checking timeout

2023-07-19 10:18:06 - [MESSAGE][INFO] - Finding web element with id: 'Object Repository/secondhand-web/Add Product/dropdown category' located by 'By.xpath: //select[@id="product_category_id"]' in '30' second(s)

2023-07-19 10:18:06 - [MESSAGE][INFO] - Smart Wait Function is triggered

2023-07-19 10:18:07 - [MESSAGE][INFO] - Found 1 web elements with id: 'Object Repository/secondhand-web/Add Product/dropdown category' located by 'By.xpath: //select[@id="product_category_id"]' in '30' second(s)

2023-07-19 10:18:07 - [MESSAGE][INFO] - Selecting options on object 'Object Repository/secondhand-web/Add Product/dropdown category' with value '1'

2023-07-19 10:18:07 - [MESSAGE][INFO] - Smart Wait Function is triggered

2023-07-19 10:18:07 - [MESSAGE][PASSED] - All options with value '1' are selected in object 'Object Repository/secondhand-web/Add Product/dropdown category' 

2023-07-19 10:18:07 - [TEST_STEP][PASSED] - takeScreenshot(): Taking screenshot successfully

2023-07-19 10:18:07 - [MESSAGE][INFO] - Smart Wait Function is triggered

2023-07-19 10:18:08 - [MESSAGE][PASSED] - Taking screenshot successfully
[[ATTACHMENT|D:\\Binar Academy\\Platinum Challenge\\SQA-Wave9-Kelompok2\\Reports\\20230719_101708\\secondhand-web\\Feature Add Product\\20230719_101708\\1689736687820.png]]

2023-07-19 10:18:08 - [MESSAGE][PASSED] - Call Test Case 'Test Cases/secondhand-web/Pages/Create Product/Input Product Category' successfully

2023-07-19 10:18:08 - [TEST_STEP][PASSED] - callTestCase(findTestCase("secondhand-web/Pages/Create Product/Input Product Description"), ["product_desc":"ini adalah kamera canggih"], STOP_ON_FAILURE): Call Test Case 'Test Cases/secondhand-web/Pages/Create Product/Input Product Description' successfully

2023-07-19 10:18:08 - [MESSAGE][INFO] - Checking called Test Case

2023-07-19 10:18:08 - [MESSAGE][INFO] - Starting to call Test Case 'Test Cases/secondhand-web/Pages/Create Product/Input Product Description'

2023-07-19 10:18:08 - [TEST_CASE][PASSED] - Test Cases/secondhand-web/Pages/Create Product/Input Product Description: Test Cases/secondhand-web/Pages/Create Product/Input Product Description

2023-07-19 10:18:08 - [TEST_STEP][PASSED] - waitForElementVisible(findTestObject("secondhand-web/Add Product/input product description"), 0): Object 'Object Repository/secondhand-web/Add Product/input product description' is visible

2023-07-19 10:18:08 - [MESSAGE][INFO] - Finding Test Object 'Object Repository/secondhand-web/Add Product/input product description'

2023-07-19 10:18:08 - [MESSAGE][INFO] - Checking object

2023-07-19 10:18:08 - [MESSAGE][INFO] - Checking timeout

2023-07-19 10:18:08 - [MESSAGE][WARNING] - Timeout '0' is invalid. Using default page load timeout: '30'

2023-07-19 10:18:08 - [MESSAGE][INFO] - Finding web element from Test Object's properties

2023-07-19 10:18:08 - [MESSAGE][INFO] - Checking timeout

2023-07-19 10:18:08 - [MESSAGE][INFO] - Finding web element with id: 'Object Repository/secondhand-web/Add Product/input product description' located by 'By.xpath: //textarea[@id='product_description']' in '30' second(s)

2023-07-19 10:18:08 - [MESSAGE][INFO] - Smart Wait Function is triggered

2023-07-19 10:18:08 - [MESSAGE][INFO] - Found 1 web elements with id: 'Object Repository/secondhand-web/Add Product/input product description' located by 'By.xpath: //textarea[@id='product_description']' in '30' second(s)

2023-07-19 10:18:08 - [MESSAGE][PASSED] - Object 'Object Repository/secondhand-web/Add Product/input product description' is visible

2023-07-19 10:18:08 - [TEST_STEP][PASSED] - setText(findTestObject("secondhand-web/Add Product/input product description"), product_desc): Text 'ini adalah kamera canggih' is set on object 'Object Repository/secondhand-web/Add Product/input product description'

2023-07-19 10:18:08 - [MESSAGE][INFO] - Finding Test Object 'Object Repository/secondhand-web/Add Product/input product description'

2023-07-19 10:18:08 - [MESSAGE][INFO] - Checking object

2023-07-19 10:18:08 - [MESSAGE][INFO] - Checking text

2023-07-19 10:18:08 - [MESSAGE][INFO] - Finding web element from Test Object's properties

2023-07-19 10:18:08 - [MESSAGE][INFO] - Checking timeout

2023-07-19 10:18:08 - [MESSAGE][INFO] - Finding web element with id: 'Object Repository/secondhand-web/Add Product/input product description' located by 'By.xpath: //textarea[@id='product_description']' in '30' second(s)

2023-07-19 10:18:08 - [MESSAGE][INFO] - Smart Wait Function is triggered

2023-07-19 10:18:08 - [MESSAGE][INFO] - Found 1 web elements with id: 'Object Repository/secondhand-web/Add Product/input product description' located by 'By.xpath: //textarea[@id='product_description']' in '30' second(s)

2023-07-19 10:18:08 - [MESSAGE][INFO] - Clearing text of object 'Object Repository/secondhand-web/Add Product/input product description'

2023-07-19 10:18:08 - [MESSAGE][INFO] - Finding web element from Test Object's properties

2023-07-19 10:18:08 - [MESSAGE][INFO] - Checking timeout

2023-07-19 10:18:08 - [MESSAGE][INFO] - Finding web element with id: 'Object Repository/secondhand-web/Add Product/input product description' located by 'By.xpath: //textarea[@id='product_description']' in '30' second(s)

2023-07-19 10:18:08 - [MESSAGE][INFO] - Smart Wait Function is triggered

2023-07-19 10:18:09 - [MESSAGE][INFO] - Found 1 web elements with id: 'Object Repository/secondhand-web/Add Product/input product description' located by 'By.xpath: //textarea[@id='product_description']' in '30' second(s)

2023-07-19 10:18:09 - [MESSAGE][INFO] - Setting text of object 'Object Repository/secondhand-web/Add Product/input product description' to value 'ini adalah kamera canggih'

2023-07-19 10:18:09 - [MESSAGE][PASSED] - Text 'ini adalah kamera canggih' is set on object 'Object Repository/secondhand-web/Add Product/input product description'

2023-07-19 10:18:09 - [TEST_STEP][PASSED] - takeScreenshot(): Taking screenshot successfully

2023-07-19 10:18:09 - [MESSAGE][INFO] - Smart Wait Function is triggered

2023-07-19 10:18:09 - [MESSAGE][PASSED] - Taking screenshot successfully
[[ATTACHMENT|D:\\Binar Academy\\Platinum Challenge\\SQA-Wave9-Kelompok2\\Reports\\20230719_101708\\secondhand-web\\Feature Add Product\\20230719_101708\\1689736689619.png]]

2023-07-19 10:18:09 - [MESSAGE][PASSED] - Call Test Case 'Test Cases/secondhand-web/Pages/Create Product/Input Product Description' successfully

2023-07-19 10:18:09 - [TEST_STEP][PASSED] - callTestCase(findTestCase("secondhand-web/Pages/Create Product/Upload Product Images"), ["product_image":findTestData("image").getValue(2, 1)], STOP_ON_FAILURE): Call Test Case 'Test Cases/secondhand-web/Pages/Create Product/Upload Product Images' successfully

2023-07-19 10:18:09 - [MESSAGE][INFO] - Checking test data id

2023-07-19 10:18:09 - [MESSAGE][INFO] - Finding test data with id 'Data Files/image'

2023-07-19 10:18:09 - [MESSAGE][INFO] - Test data is internal data, reading internal data

2023-07-19 10:18:09 - [MESSAGE][INFO] - Checking called Test Case

2023-07-19 10:18:09 - [MESSAGE][INFO] - Starting to call Test Case 'Test Cases/secondhand-web/Pages/Create Product/Upload Product Images'

2023-07-19 10:18:09 - [TEST_CASE][PASSED] - Test Cases/secondhand-web/Pages/Create Product/Upload Product Images: Test Cases/secondhand-web/Pages/Create Product/Upload Product Images

2023-07-19 10:18:09 - [TEST_STEP][PASSED] - waitForElementVisible(findTestObject("secondhand-web/Add Product/upload image"), 3): Object 'Object Repository/secondhand-web/Add Product/upload image' is not visible after 3 second(s)

2023-07-19 10:18:09 - [MESSAGE][INFO] - Finding Test Object 'Object Repository/secondhand-web/Add Product/upload image'

2023-07-19 10:18:09 - [MESSAGE][INFO] - Checking object

2023-07-19 10:18:09 - [MESSAGE][INFO] - Checking timeout

2023-07-19 10:18:09 - [MESSAGE][INFO] - Finding web element from Test Object's properties

2023-07-19 10:18:09 - [MESSAGE][INFO] - Checking timeout

2023-07-19 10:18:09 - [MESSAGE][INFO] - Finding web element with id: 'Object Repository/secondhand-web/Add Product/upload image' located by 'By.xpath: //input[@type="file"]' in '3' second(s)

2023-07-19 10:18:09 - [MESSAGE][INFO] - Smart Wait Function is triggered

2023-07-19 10:18:10 - [MESSAGE][INFO] - Found 1 web elements with id: 'Object Repository/secondhand-web/Add Product/upload image' located by 'By.xpath: //input[@type="file"]' in '3' second(s)

2023-07-19 10:18:13 - [MESSAGE][WARNING] - Object 'Object Repository/secondhand-web/Add Product/upload image' is not visible after 3 second(s)

2023-07-19 10:18:13 - [TEST_STEP][PASSED] - uploadFile(findTestObject("secondhand-web/Add Product/upload image"), product_image): File 'D:\\Binar Academy\\Platinum Challenge\\SQA-Wave9-Kelompok2\\Data Files\\Testing Files\\camera.png' sent to object: 'Object Repository/secondhand-web/Add Product/upload image'

2023-07-19 10:18:13 - [MESSAGE][INFO] - Finding Test Object 'Object Repository/secondhand-web/Add Product/upload image'

2023-07-19 10:18:13 - [MESSAGE][INFO] - Checking object

2023-07-19 10:18:13 - [MESSAGE][INFO] - Uploading file 'D:\\Binar Academy\\Platinum Challenge\\SQA-Wave9-Kelompok2\\Data Files\\Testing Files\\camera.png' to object: 'Object Repository/secondhand-web/Add Product/upload image'

2023-07-19 10:18:13 - [MESSAGE][INFO] - Finding web element from Test Object's properties

2023-07-19 10:18:13 - [MESSAGE][INFO] - Checking timeout

2023-07-19 10:18:13 - [MESSAGE][INFO] - Finding web element with id: 'Object Repository/secondhand-web/Add Product/upload image' located by 'By.xpath: //input[@type="file"]' in '30' second(s)

2023-07-19 10:18:13 - [MESSAGE][INFO] - Smart Wait Function is triggered

2023-07-19 10:18:13 - [MESSAGE][INFO] - Found 1 web elements with id: 'Object Repository/secondhand-web/Add Product/upload image' located by 'By.xpath: //input[@type="file"]' in '30' second(s)

2023-07-19 10:18:13 - [MESSAGE][PASSED] - File 'D:\\Binar Academy\\Platinum Challenge\\SQA-Wave9-Kelompok2\\Data Files\\Testing Files\\camera.png' sent to object: 'Object Repository/secondhand-web/Add Product/upload image'

2023-07-19 10:18:13 - [TEST_STEP][PASSED] - takeScreenshot(): Taking screenshot successfully

2023-07-19 10:18:14 - [MESSAGE][INFO] - Smart Wait Function is triggered

2023-07-19 10:18:14 - [MESSAGE][PASSED] - Taking screenshot successfully
[[ATTACHMENT|D:\\Binar Academy\\Platinum Challenge\\SQA-Wave9-Kelompok2\\Reports\\20230719_101708\\secondhand-web\\Feature Add Product\\20230719_101708\\1689736694288.png]]

2023-07-19 10:18:14 - [MESSAGE][PASSED] - Call Test Case 'Test Cases/secondhand-web/Pages/Create Product/Upload Product Images' successfully

2023-07-19 10:18:14 - [TEST_STEP][PASSED] - callTestCase(findTestCase("secondhand-web/Pages/Create Product/Click button add or terbitkan"), [:], STOP_ON_FAILURE): Call Test Case 'Test Cases/secondhand-web/Pages/Create Product/Click button add or terbitkan' successfully

2023-07-19 10:18:14 - [MESSAGE][INFO] - Checking called Test Case

2023-07-19 10:18:14 - [MESSAGE][INFO] - Starting to call Test Case 'Test Cases/secondhand-web/Pages/Create Product/Click button add or terbitkan'

2023-07-19 10:18:14 - [TEST_CASE][PASSED] - Test Cases/secondhand-web/Pages/Create Product/Click button add or terbitkan: Test Cases/secondhand-web/Pages/Create Product/Click button add or terbitkan

2023-07-19 10:18:14 - [TEST_STEP][PASSED] - verifyElementVisible(findTestObject("secondhand-web/Add Product/button add or terbitkan")): Object 'Object Repository/secondhand-web/Add Product/button add or terbitkan' is visible

2023-07-19 10:18:14 - [MESSAGE][INFO] - Finding Test Object 'Object Repository/secondhand-web/Add Product/button add or terbitkan'

2023-07-19 10:18:14 - [MESSAGE][INFO] - Checking object

2023-07-19 10:18:14 - [MESSAGE][INFO] - Finding web element from Test Object's properties

2023-07-19 10:18:14 - [MESSAGE][INFO] - Checking timeout

2023-07-19 10:18:14 - [MESSAGE][INFO] - Finding web element with id: 'Object Repository/secondhand-web/Add Product/button add or terbitkan' located by 'By.xpath: //label[@for="product_status_published"]' in '30' second(s)

2023-07-19 10:18:14 - [MESSAGE][INFO] - Smart Wait Function is triggered

2023-07-19 10:18:14 - [MESSAGE][INFO] - Found 1 web elements with id: 'Object Repository/secondhand-web/Add Product/button add or terbitkan' located by 'By.xpath: //label[@for="product_status_published"]' in '30' second(s)

2023-07-19 10:18:15 - [MESSAGE][PASSED] - Object 'Object Repository/secondhand-web/Add Product/button add or terbitkan' is visible

2023-07-19 10:18:15 - [TEST_STEP][PASSED] - click(findTestObject("secondhand-web/Add Product/button add or terbitkan")): Object: 'Object Repository/secondhand-web/Add Product/button add or terbitkan' is clicked on

2023-07-19 10:18:15 - [MESSAGE][INFO] - Finding Test Object 'Object Repository/secondhand-web/Add Product/button add or terbitkan'

2023-07-19 10:18:15 - [MESSAGE][INFO] - Checking object

2023-07-19 10:18:15 - [MESSAGE][INFO] - Checking timeout

2023-07-19 10:18:15 - [MESSAGE][INFO] - Finding web element from Test Object's properties

2023-07-19 10:18:15 - [MESSAGE][INFO] - Checking timeout

2023-07-19 10:18:15 - [MESSAGE][INFO] - Finding web element with id: 'Object Repository/secondhand-web/Add Product/button add or terbitkan' located by 'By.xpath: //label[@for="product_status_published"]' in '30' second(s)

2023-07-19 10:18:15 - [MESSAGE][INFO] - Smart Wait Function is triggered

2023-07-19 10:18:15 - [MESSAGE][INFO] - Found 1 web elements with id: 'Object Repository/secondhand-web/Add Product/button add or terbitkan' located by 'By.xpath: //label[@for="product_status_published"]' in '30' second(s)

2023-07-19 10:18:15 - [MESSAGE][INFO] - Clicking on object: 'Object Repository/secondhand-web/Add Product/button add or terbitkan'

2023-07-19 10:18:16 - [MESSAGE][INFO] - Unable to click the Test Object, 30 second(s) remain to retry.

2023-07-19 10:18:18 - [MESSAGE][PASSED] - Object: 'Object Repository/secondhand-web/Add Product/button add or terbitkan' is clicked on

2023-07-19 10:18:18 - [MESSAGE][PASSED] - Call Test Case 'Test Cases/secondhand-web/Pages/Create Product/Click button add or terbitkan' successfully

2023-07-19 10:18:18 - [TEST_STEP][PASSED] - callTestCase(findTestCase("secondhand-web/Pages/Create Product/Error Messages Price"), ["expected":errorMessagePrice], STOP_ON_FAILURE): Call Test Case 'Test Cases/secondhand-web/Pages/Create Product/Error Messages Price' successfully

2023-07-19 10:18:18 - [MESSAGE][INFO] - Checking called Test Case

2023-07-19 10:18:18 - [MESSAGE][INFO] - Starting to call Test Case 'Test Cases/secondhand-web/Pages/Create Product/Error Messages Price'

2023-07-19 10:18:18 - [TEST_CASE][PASSED] - Test Cases/secondhand-web/Pages/Create Product/Error Messages Price: Test Cases/secondhand-web/Pages/Create Product/Error Messages Price

2023-07-19 10:18:18 - [TEST_STEP][PASSED] - verifyElementPresent(findTestObject("secondhand-web/Add Product/error message price"), 3): Object 'Object Repository/secondhand-web/Add Product/error message price' is present

2023-07-19 10:18:18 - [MESSAGE][INFO] - Finding Test Object 'Object Repository/secondhand-web/Add Product/error message price'

2023-07-19 10:18:18 - [MESSAGE][INFO] - Checking object

2023-07-19 10:18:18 - [MESSAGE][INFO] - Finding web element from Test Object's properties

2023-07-19 10:18:18 - [MESSAGE][INFO] - Checking timeout

2023-07-19 10:18:18 - [MESSAGE][INFO] - Finding web element with id: 'Object Repository/secondhand-web/Add Product/error message price' located by 'By.xpath: (.//*[normalize-space(text()) and normalize-space(.)='Harga Produk'])[1]/following::div[2]' in '3' second(s)

2023-07-19 10:18:18 - [MESSAGE][INFO] - Smart Wait Function is triggered

2023-07-19 10:18:18 - [MESSAGE][INFO] - Found 1 web elements with id: 'Object Repository/secondhand-web/Add Product/error message price' located by 'By.xpath: (.//*[normalize-space(text()) and normalize-space(.)='Harga Produk'])[1]/following::div[2]' in '3' second(s)

2023-07-19 10:18:18 - [MESSAGE][PASSED] - Object 'Object Repository/secondhand-web/Add Product/error message price' is present

2023-07-19 10:18:18 - [TEST_STEP][PASSED] - errorText = getText(findTestObject("secondhand-web/Add Product/error message price")): Text of object 'Object Repository/secondhand-web/Add Product/error message price' is: 'Price can't be blank'

2023-07-19 10:18:18 - [MESSAGE][INFO] - Finding Test Object 'Object Repository/secondhand-web/Add Product/error message price'

2023-07-19 10:18:18 - [MESSAGE][INFO] - Checking object

2023-07-19 10:18:18 - [MESSAGE][INFO] - Finding web element from Test Object's properties

2023-07-19 10:18:18 - [MESSAGE][INFO] - Checking timeout

2023-07-19 10:18:18 - [MESSAGE][INFO] - Finding web element with id: 'Object Repository/secondhand-web/Add Product/error message price' located by 'By.xpath: (.//*[normalize-space(text()) and normalize-space(.)='Harga Produk'])[1]/following::div[2]' in '30' second(s)

2023-07-19 10:18:18 - [MESSAGE][INFO] - Smart Wait Function is triggered

2023-07-19 10:18:19 - [MESSAGE][INFO] - Found 1 web elements with id: 'Object Repository/secondhand-web/Add Product/error message price' located by 'By.xpath: (.//*[normalize-space(text()) and normalize-space(.)='Harga Produk'])[1]/following::div[2]' in '30' second(s)

2023-07-19 10:18:19 - [MESSAGE][INFO] - Getting text of object 'Object Repository/secondhand-web/Add Product/error message price'

2023-07-19 10:18:19 - [MESSAGE][PASSED] - Text of object 'Object Repository/secondhand-web/Add Product/error message price' is: 'Price can't be blank'

2023-07-19 10:18:19 - [TEST_STEP][PASSED] - logInfo(): 

2023-07-19 10:18:19 - [MESSAGE][INFO] - 

2023-07-19 10:18:19 - [TEST_STEP][PASSED] - verifyMatch(errorText, expected, false): Actual text 'Price can't be blank' and expected text 'Price can't be blank' are matched 

2023-07-19 10:18:19 - [MESSAGE][INFO] - Matching actual text 'Price can't be blank' with expected text 'Price can't be blank'

2023-07-19 10:18:19 - [MESSAGE][PASSED] - Actual text 'Price can't be blank' and expected text 'Price can't be blank' are matched 

2023-07-19 10:18:19 - [MESSAGE][PASSED] - Call Test Case 'Test Cases/secondhand-web/Pages/Create Product/Error Messages Price' successfully

2023-07-19 10:18:19 - [TEST_STEP][PASSED] - callTestCase(findTestCase("secondhand-web/Common/Close Web"), [:], STOP_ON_FAILURE): Call Test Case 'Test Cases/secondhand-web/Common/Close Web' successfully

2023-07-19 10:18:19 - [MESSAGE][INFO] - Checking called Test Case

2023-07-19 10:18:19 - [MESSAGE][INFO] - Starting to call Test Case 'Test Cases/secondhand-web/Common/Close Web'

2023-07-19 10:18:19 - [TEST_CASE][PASSED] - Test Cases/secondhand-web/Common/Close Web: Test Cases/secondhand-web/Common/Close Web

2023-07-19 10:18:19 - [TEST_STEP][PASSED] - closeBrowser(): Browser is closed

2023-07-19 10:18:19 - [MESSAGE][INFO] - Closing browser

2023-07-19 10:18:20 - [MESSAGE][PASSED] - Browser is closed

2023-07-19 10:18:20 - [MESSAGE][PASSED] - Call Test Case 'Test Cases/secondhand-web/Common/Close Web' successfully]]></system-out>
         <system-err><![CDATA[]]></system-err>
      </testcase>
      <system-out><![CDATA[2023-07-19 10:17:12 - [TEST_SUITE][PASSED] - Feature Add Product: Test Cases/secondhand-web/Step Definition/Feature Add Product/AddCat002 - user should not be abe to add product catalog with empty input price]]></system-out>
      <system-err><![CDATA[]]></system-err>
   </testsuite>
</testsuites>
