<?xml version="1.0" encoding="UTF-8"?>
<testsuites name="Feature Delete Product" time="88.02" tests="2" failures="0" errors="0">
   <testsuite name="Feature Delete Product" tests="2" failures="0" errors="0" time="88.02" skipped="0" timestamp="2023-07-24 11:43:06" hostname="mhmdr - LAPTOP-A3L3V09Q" id="Test Suites/secondhand-app/Feature Delete Product">
      <properties>
[...]
</properties>
      <testcase name="Test Cases/secondhand-app/Step Definition/Feature Delete Product/PHP001 - user should be able to delete product" time="44.775" classname="Test Cases/secondhand-app/Step Definition/Feature Delete Product/PHP001 - user should be able to delete product" status="PASSED">
         <system-out><![CDATA[2023-07-24 11:43:06 - [TEST_CASE][PASSED] - Test Cases/secondhand-app/Step Definition/Feature Delete Product/PHP001 - user should be able to delete product: Test Cases/secondhand-app/Step Definition/Feature Delete Product/PHP001 - user should be able to delete product

2023-07-24 11:43:06 - [TEST_STEP][PASSED] - startApplication("androidapp/app-release-second-hand-gcp.apk", false): Started app at: 'C:\Users\mhmdr\Desktop\SQA-Wave9-Kelompok2\androidapp\app-release-second-hand-gcp.apk'

2023-07-24 11:43:06 - [MESSAGE][INFO] - Starting app at: 'C:\Users\mhmdr\Desktop\SQA-Wave9-Kelompok2\androidapp\app-release-second-hand-gcp.apk'

2023-07-24 11:43:06 - [MESSAGE][INFO] - Detected NodeJS location: "C:\Program Files\nodejs\node.exe"

2023-07-24 11:43:07 - [MESSAGE][INFO] - Appium server started on port 52,823

2023-07-24 11:43:19 - [MESSAGE][PASSED] - Started app at: 'C:\Users\mhmdr\Desktop\SQA-Wave9-Kelompok2\androidapp\app-release-second-hand-gcp.apk'

2023-07-24 11:43:19 - [TEST_STEP][PASSED] - callTestCase(findTestCase("secondhand-app/Pages/MenuBar App/Tap Akun"), [:], STOP_ON_FAILURE): Call Test Case 'Test Cases/secondhand-app/Pages/MenuBar App/Tap Akun' successfully

2023-07-24 11:43:19 - [MESSAGE][INFO] - Checking called Test Case

2023-07-24 11:43:19 - [MESSAGE][INFO] - Starting to call Test Case 'Test Cases/secondhand-app/Pages/MenuBar App/Tap Akun'

2023-07-24 11:43:20 - [TEST_CASE][PASSED] - Test Cases/secondhand-app/Pages/MenuBar App/Tap Akun: Test Cases/secondhand-app/Pages/MenuBar App/Tap Akun

2023-07-24 11:43:20 - [TEST_STEP][PASSED] - waitForElementPresent(findTestObject("secondhand-app/MenuBar App/android.widget.TextView - Akun"), 2): Element 'Object Repository/secondhand-app/MenuBar App/android.widget.TextView - Akun' is present

2023-07-24 11:43:20 - [MESSAGE][INFO] - Finding Test Object 'Object Repository/secondhand-app/MenuBar App/android.widget.TextView - Akun'

2023-07-24 11:43:20 - [MESSAGE][INFO] - Checking object

2023-07-24 11:43:20 - [MESSAGE][INFO] - Checking timeout

2023-07-24 11:43:22 - [MESSAGE][PASSED] - Element 'Object Repository/secondhand-app/MenuBar App/android.widget.TextView - Akun' is present

2023-07-24 11:43:22 - [TEST_STEP][PASSED] - tap(findTestObject("secondhand-app/MenuBar App/android.widget.TextView - Akun"), 2): Tapped on element 'Object Repository/secondhand-app/MenuBar App/android.widget.TextView - Akun'

2023-07-24 11:43:22 - [MESSAGE][INFO] - Finding Test Object 'Object Repository/secondhand-app/MenuBar App/android.widget.TextView - Akun'

2023-07-24 11:43:22 - [MESSAGE][INFO] - Checking object

2023-07-24 11:43:22 - [MESSAGE][INFO] - Checking timeout

2023-07-24 11:43:25 - [MESSAGE][PASSED] - Tapped on element 'Object Repository/secondhand-app/MenuBar App/android.widget.TextView - Akun'

2023-07-24 11:43:25 - [MESSAGE][PASSED] - Call Test Case 'Test Cases/secondhand-app/Pages/MenuBar App/Tap Akun' successfully

2023-07-24 11:43:25 - [TEST_STEP][PASSED] - callTestCase(findTestCase("secondhand-app/Pages/My Account/Tap Masuk"), [:], STOP_ON_FAILURE): Call Test Case 'Test Cases/secondhand-app/Pages/My Account/Tap Masuk' successfully

2023-07-24 11:43:25 - [MESSAGE][INFO] - Checking called Test Case

2023-07-24 11:43:25 - [MESSAGE][INFO] - Starting to call Test Case 'Test Cases/secondhand-app/Pages/My Account/Tap Masuk'

2023-07-24 11:43:25 - [TEST_CASE][PASSED] - Test Cases/secondhand-app/Pages/My Account/Tap Masuk: Test Cases/secondhand-app/Pages/My Account/Tap Masuk

2023-07-24 11:43:25 - [TEST_STEP][PASSED] - waitForElementPresent(findTestObject("secondhand-app/Page Account/android.widget.Button - Masuk"), 2): Element 'Object Repository/secondhand-app/Page Account/android.widget.Button - Masuk' is present

2023-07-24 11:43:25 - [MESSAGE][INFO] - Finding Test Object 'Object Repository/secondhand-app/Page Account/android.widget.Button - Masuk'

2023-07-24 11:43:25 - [MESSAGE][INFO] - Checking object

2023-07-24 11:43:25 - [MESSAGE][INFO] - Checking timeout

2023-07-24 11:43:25 - [MESSAGE][PASSED] - Element 'Object Repository/secondhand-app/Page Account/android.widget.Button - Masuk' is present

2023-07-24 11:43:25 - [TEST_STEP][PASSED] - tap(findTestObject("secondhand-app/Page Account/android.widget.Button - Masuk"), 2): Tapped on element 'Object Repository/secondhand-app/Page Account/android.widget.Button - Masuk'

2023-07-24 11:43:25 - [MESSAGE][INFO] - Finding Test Object 'Object Repository/secondhand-app/Page Account/android.widget.Button - Masuk'

2023-07-24 11:43:25 - [MESSAGE][INFO] - Checking object

2023-07-24 11:43:25 - [MESSAGE][INFO] - Checking timeout

2023-07-24 11:43:26 - [MESSAGE][PASSED] - Tapped on element 'Object Repository/secondhand-app/Page Account/android.widget.Button - Masuk'

2023-07-24 11:43:26 - [MESSAGE][PASSED] - Call Test Case 'Test Cases/secondhand-app/Pages/My Account/Tap Masuk' successfully

2023-07-24 11:43:26 - [TEST_STEP][PASSED] - callTestCase(findTestCase("secondhand-app/Pages/User Login/Input Email - Rizki Valid"), [:], STOP_ON_FAILURE): Call Test Case 'Test Cases/secondhand-app/Pages/User Login/Input Email - Rizki Valid' successfully

2023-07-24 11:43:26 - [MESSAGE][INFO] - Checking called Test Case

2023-07-24 11:43:26 - [MESSAGE][INFO] - Starting to call Test Case 'Test Cases/secondhand-app/Pages/User Login/Input Email - Rizki Valid'

2023-07-24 11:43:26 - [TEST_CASE][PASSED] - Test Cases/secondhand-app/Pages/User Login/Input Email - Rizki Valid: Test Cases/secondhand-app/Pages/User Login/Input Email - Rizki Valid

2023-07-24 11:43:26 - [TEST_STEP][PASSED] - clearText(findTestObject("secondhand-app/Page Login/android.widget.EditText - Masukkan email"), 1): Element 'Object Repository/secondhand-app/Page Login/android.widget.EditText - Masukkan email' text is cleared

2023-07-24 11:43:26 - [MESSAGE][INFO] - Finding Test Object 'Object Repository/secondhand-app/Page Login/android.widget.EditText - Masukkan email'

2023-07-24 11:43:26 - [MESSAGE][INFO] - Checking object

2023-07-24 11:43:26 - [MESSAGE][INFO] - Checking timeout

2023-07-24 11:43:27 - [MESSAGE][PASSED] - Element 'Object Repository/secondhand-app/Page Login/android.widget.EditText - Masukkan email' text is cleared

2023-07-24 11:43:27 - [TEST_STEP][PASSED] - setText(findTestObject("secondhand-app/Page Login/android.widget.EditText - Masukkan email"), "mhmdrizki250@gmail.com", 0): Text 'mhmdrizki250@gmail.com' has been set to element 'Object Repository/secondhand-app/Page Login/android.widget.EditText - Masukkan email'

2023-07-24 11:43:27 - [MESSAGE][INFO] - Finding Test Object 'Object Repository/secondhand-app/Page Login/android.widget.EditText - Masukkan email'

2023-07-24 11:43:27 - [MESSAGE][INFO] - Checking object

2023-07-24 11:43:27 - [MESSAGE][INFO] - Checking timeout

2023-07-24 11:43:27 - [MESSAGE][WARNING] - Timeout '0' is invalid. Using default page load timeout: '30'

2023-07-24 11:43:28 - [MESSAGE][PASSED] - Text 'mhmdrizki250@gmail.com' has been set to element 'Object Repository/secondhand-app/Page Login/android.widget.EditText - Masukkan email'

2023-07-24 11:43:28 - [TEST_STEP][PASSED] - takeScreenshot("screenshot", STOP_ON_FAILURE): Screenshot is taken

2023-07-24 11:43:29 - [MESSAGE][PASSED] - Screenshot is taken
[[ATTACHMENT|C:\\Users\\mhmdr\\Desktop\\SQA-Wave9-Kelompok2\\Reports\\20230724_114304\\secondhand-app\\Feature Delete Product\\20230724_114304\\screenshot]]

2023-07-24 11:43:29 - [MESSAGE][PASSED] - Call Test Case 'Test Cases/secondhand-app/Pages/User Login/Input Email - Rizki Valid' successfully

2023-07-24 11:43:29 - [TEST_STEP][PASSED] - callTestCase(findTestCase("secondhand-app/Pages/User Login/Input Password - Rizki Valid"), [:], STOP_ON_FAILURE): Call Test Case 'Test Cases/secondhand-app/Pages/User Login/Input Password - Rizki Valid' successfully

2023-07-24 11:43:29 - [MESSAGE][INFO] - Checking called Test Case

2023-07-24 11:43:29 - [MESSAGE][INFO] - Starting to call Test Case 'Test Cases/secondhand-app/Pages/User Login/Input Password - Rizki Valid'

2023-07-24 11:43:29 - [TEST_CASE][PASSED] - Test Cases/secondhand-app/Pages/User Login/Input Password - Rizki Valid: Test Cases/secondhand-app/Pages/User Login/Input Password - Rizki Valid

2023-07-24 11:43:29 - [TEST_STEP][PASSED] - clearText(findTestObject("secondhand-app/Page Login/android.widget.EditText - Masukkan password"), 1): Element 'Object Repository/secondhand-app/Page Login/android.widget.EditText - Masukkan password' text is cleared

2023-07-24 11:43:29 - [MESSAGE][INFO] - Finding Test Object 'Object Repository/secondhand-app/Page Login/android.widget.EditText - Masukkan password'

2023-07-24 11:43:29 - [MESSAGE][INFO] - Checking object

2023-07-24 11:43:29 - [MESSAGE][INFO] - Checking timeout

2023-07-24 11:43:29 - [MESSAGE][PASSED] - Element 'Object Repository/secondhand-app/Page Login/android.widget.EditText - Masukkan password' text is cleared

2023-07-24 11:43:29 - [TEST_STEP][PASSED] - setText(findTestObject("secondhand-app/Page Login/android.widget.EditText - Masukkan password"), "Kiki12345", 0): Text 'Kiki12345' has been set to element 'Object Repository/secondhand-app/Page Login/android.widget.EditText - Masukkan password'

2023-07-24 11:43:29 - [MESSAGE][INFO] - Finding Test Object 'Object Repository/secondhand-app/Page Login/android.widget.EditText - Masukkan password'

2023-07-24 11:43:29 - [MESSAGE][INFO] - Checking object

2023-07-24 11:43:29 - [MESSAGE][INFO] - Checking timeout

2023-07-24 11:43:29 - [MESSAGE][WARNING] - Timeout '0' is invalid. Using default page load timeout: '30'

2023-07-24 11:43:31 - [MESSAGE][PASSED] - Text 'Kiki12345' has been set to element 'Object Repository/secondhand-app/Page Login/android.widget.EditText - Masukkan password'

2023-07-24 11:43:31 - [TEST_STEP][PASSED] - takeScreenshot("screenshot", STOP_ON_FAILURE): Screenshot is taken

2023-07-24 11:43:32 - [MESSAGE][PASSED] - Screenshot is taken
[[ATTACHMENT|C:\\Users\\mhmdr\\Desktop\\SQA-Wave9-Kelompok2\\Reports\\20230724_114304\\secondhand-app\\Feature Delete Product\\20230724_114304\\screenshot]]

2023-07-24 11:43:32 - [MESSAGE][PASSED] - Call Test Case 'Test Cases/secondhand-app/Pages/User Login/Input Password - Rizki Valid' successfully

2023-07-24 11:43:32 - [TEST_STEP][PASSED] - callTestCase(findTestCase("secondhand-app/Pages/User Login/Tap Masuk"), [:], STOP_ON_FAILURE): Call Test Case 'Test Cases/secondhand-app/Pages/User Login/Tap Masuk' successfully

2023-07-24 11:43:32 - [MESSAGE][INFO] - Checking called Test Case

2023-07-24 11:43:32 - [MESSAGE][INFO] - Starting to call Test Case 'Test Cases/secondhand-app/Pages/User Login/Tap Masuk'

2023-07-24 11:43:32 - [TEST_CASE][PASSED] - Test Cases/secondhand-app/Pages/User Login/Tap Masuk: Test Cases/secondhand-app/Pages/User Login/Tap Masuk

2023-07-24 11:43:32 - [TEST_STEP][PASSED] - waitForElementPresent(findTestObject("secondhand-app/Page Login/android.widget.Button - Masuk"), 1): Element 'Object Repository/secondhand-app/Page Login/android.widget.Button - Masuk' is present

2023-07-24 11:43:32 - [MESSAGE][INFO] - Finding Test Object 'Object Repository/secondhand-app/Page Login/android.widget.Button - Masuk'

2023-07-24 11:43:32 - [MESSAGE][INFO] - Checking object

2023-07-24 11:43:32 - [MESSAGE][INFO] - Checking timeout

2023-07-24 11:43:32 - [MESSAGE][PASSED] - Element 'Object Repository/secondhand-app/Page Login/android.widget.Button - Masuk' is present

2023-07-24 11:43:32 - [TEST_STEP][PASSED] - tap(findTestObject("secondhand-app/Page Login/android.widget.Button - Masuk"), 1): Tapped on element 'Object Repository/secondhand-app/Page Login/android.widget.Button - Masuk'

2023-07-24 11:43:32 - [MESSAGE][INFO] - Finding Test Object 'Object Repository/secondhand-app/Page Login/android.widget.Button - Masuk'

2023-07-24 11:43:32 - [MESSAGE][INFO] - Checking object

2023-07-24 11:43:32 - [MESSAGE][INFO] - Checking timeout

2023-07-24 11:43:33 - [MESSAGE][PASSED] - Tapped on element 'Object Repository/secondhand-app/Page Login/android.widget.Button - Masuk'

2023-07-24 11:43:33 - [MESSAGE][PASSED] - Call Test Case 'Test Cases/secondhand-app/Pages/User Login/Tap Masuk' successfully

2023-07-24 11:43:33 - [TEST_STEP][PASSED] - callTestCase(findTestCase("secondhand-app/Pages/My Account - Login/Tap Daftar Jual Saya"), [:], STOP_ON_FAILURE): Call Test Case 'Test Cases/secondhand-app/Pages/My Account - Login/Tap Daftar Jual Saya' successfully

2023-07-24 11:43:33 - [MESSAGE][INFO] - Checking called Test Case

2023-07-24 11:43:33 - [MESSAGE][INFO] - Starting to call Test Case 'Test Cases/secondhand-app/Pages/My Account - Login/Tap Daftar Jual Saya'

2023-07-24 11:43:33 - [TEST_CASE][PASSED] - Test Cases/secondhand-app/Pages/My Account - Login/Tap Daftar Jual Saya: Test Cases/secondhand-app/Pages/My Account - Login/Tap Daftar Jual Saya

2023-07-24 11:43:33 - [TEST_STEP][PASSED] - waitForElementPresent(findTestObject("secondhand-app/Page Account/android.widget.TextView - Daftar Jual Saya"), 2): Element 'Object Repository/secondhand-app/Page Account/android.widget.TextView - Daftar Jual Saya' is present

2023-07-24 11:43:33 - [MESSAGE][INFO] - Finding Test Object 'Object Repository/secondhand-app/Page Account/android.widget.TextView - Daftar Jual Saya'

2023-07-24 11:43:33 - [MESSAGE][INFO] - Checking object

2023-07-24 11:43:33 - [MESSAGE][INFO] - Checking timeout

2023-07-24 11:43:34 - [MESSAGE][PASSED] - Element 'Object Repository/secondhand-app/Page Account/android.widget.TextView - Daftar Jual Saya' is present

2023-07-24 11:43:34 - [TEST_STEP][PASSED] - tap(findTestObject("secondhand-app/Page Account/android.widget.TextView - Daftar Jual Saya"), 0): Tapped on element 'Object Repository/secondhand-app/Page Account/android.widget.TextView - Daftar Jual Saya'

2023-07-24 11:43:34 - [MESSAGE][INFO] - Finding Test Object 'Object Repository/secondhand-app/Page Account/android.widget.TextView - Daftar Jual Saya'

2023-07-24 11:43:34 - [MESSAGE][INFO] - Checking object

2023-07-24 11:43:34 - [MESSAGE][INFO] - Checking timeout

2023-07-24 11:43:34 - [MESSAGE][WARNING] - Timeout '0' is invalid. Using default page load timeout: '30'

2023-07-24 11:43:34 - [MESSAGE][PASSED] - Tapped on element 'Object Repository/secondhand-app/Page Account/android.widget.TextView - Daftar Jual Saya'

2023-07-24 11:43:34 - [MESSAGE][PASSED] - Call Test Case 'Test Cases/secondhand-app/Pages/My Account - Login/Tap Daftar Jual Saya' successfully

2023-07-24 11:43:34 - [TEST_STEP][PASSED] - callTestCase(findTestCase("secondhand-app/Pages/Detail Product/Tap Product"), [:], STOP_ON_FAILURE): Call Test Case 'Test Cases/secondhand-app/Pages/Detail Product/Tap Product' successfully

2023-07-24 11:43:34 - [MESSAGE][INFO] - Checking called Test Case

2023-07-24 11:43:34 - [MESSAGE][INFO] - Starting to call Test Case 'Test Cases/secondhand-app/Pages/Detail Product/Tap Product'

2023-07-24 11:43:35 - [TEST_CASE][PASSED] - Test Cases/secondhand-app/Pages/Detail Product/Tap Product: Test Cases/secondhand-app/Pages/Detail Product/Tap Product

2023-07-24 11:43:35 - [TEST_STEP][PASSED] - waitForElementPresent(findTestObject("secondhand-app/Page Daftar Jual Saya/android.widget.TextView - Produk"), 5): Element 'Object Repository/secondhand-app/Page Daftar Jual Saya/android.widget.TextView - Produk' is present

2023-07-24 11:43:35 - [MESSAGE][INFO] - Finding Test Object 'Object Repository/secondhand-app/Page Daftar Jual Saya/android.widget.TextView - Produk'

2023-07-24 11:43:35 - [MESSAGE][INFO] - Checking object

2023-07-24 11:43:35 - [MESSAGE][INFO] - Checking timeout

2023-07-24 11:43:36 - [MESSAGE][PASSED] - Element 'Object Repository/secondhand-app/Page Daftar Jual Saya/android.widget.TextView - Produk' is present

2023-07-24 11:43:36 - [TEST_STEP][PASSED] - tap(findTestObject("secondhand-app/Page Daftar Jual Saya/android.widget.TextView - Produk"), 0): Tapped on element 'Object Repository/secondhand-app/Page Daftar Jual Saya/android.widget.TextView - Produk'

2023-07-24 11:43:36 - [MESSAGE][INFO] - Finding Test Object 'Object Repository/secondhand-app/Page Daftar Jual Saya/android.widget.TextView - Produk'

2023-07-24 11:43:36 - [MESSAGE][INFO] - Checking object

2023-07-24 11:43:36 - [MESSAGE][INFO] - Checking timeout

2023-07-24 11:43:36 - [MESSAGE][WARNING] - Timeout '0' is invalid. Using default page load timeout: '30'

2023-07-24 11:43:36 - [MESSAGE][PASSED] - Tapped on element 'Object Repository/secondhand-app/Page Daftar Jual Saya/android.widget.TextView - Produk'

2023-07-24 11:43:36 - [MESSAGE][PASSED] - Call Test Case 'Test Cases/secondhand-app/Pages/Detail Product/Tap Product' successfully

2023-07-24 11:43:36 - [TEST_STEP][PASSED] - callTestCase(findTestCase("secondhand-app/Pages/Delete Product/Tap Icon Trash 1"), [:], STOP_ON_FAILURE): Call Test Case 'Test Cases/secondhand-app/Pages/Delete Product/Tap Icon Trash 1' successfully

2023-07-24 11:43:36 - [MESSAGE][INFO] - Checking called Test Case

2023-07-24 11:43:36 - [MESSAGE][INFO] - Starting to call Test Case 'Test Cases/secondhand-app/Pages/Delete Product/Tap Icon Trash 1'

2023-07-24 11:43:36 - [TEST_CASE][PASSED] - Test Cases/secondhand-app/Pages/Delete Product/Tap Icon Trash 1: Test Cases/secondhand-app/Pages/Delete Product/Tap Icon Trash 1

2023-07-24 11:43:36 - [TEST_STEP][PASSED] - waitForElementPresent(findTestObject("secondhand-app/Page Delete Product/android.widget.ImageView-Button Delete"), 5): Object Object Repository/secondhand-app/Page Delete Product/android.widget.ImageView-Button Delete not found

2023-07-24 11:43:36 - [MESSAGE][INFO] - Finding Test Object 'Object Repository/secondhand-app/Page Delete Product/android.widget.ImageView-Button Delete'

2023-07-24 11:43:36 - [MESSAGE][INFO] - Checking object

2023-07-24 11:43:36 - [MESSAGE][INFO] - Checking timeout

2023-07-24 11:43:41 - [MESSAGE][WARNING] - Object Object Repository/secondhand-app/Page Delete Product/android.widget.ImageView-Button Delete not found

2023-07-24 11:43:41 - [TEST_STEP][PASSED] - tap(findTestObject("secondhand-app/Page Delete Product/android.widget.ImageView-Button Delete"), 0): Tapped on element 'Object Repository/secondhand-app/Page Delete Product/android.widget.ImageView-Button Delete'

2023-07-24 11:43:41 - [MESSAGE][INFO] - Finding Test Object 'Object Repository/secondhand-app/Page Delete Product/android.widget.ImageView-Button Delete'

2023-07-24 11:43:41 - [MESSAGE][INFO] - Checking object

2023-07-24 11:43:41 - [MESSAGE][INFO] - Checking timeout

2023-07-24 11:43:41 - [MESSAGE][WARNING] - Timeout '0' is invalid. Using default page load timeout: '30'

2023-07-24 11:43:45 - [MESSAGE][PASSED] - Tapped on element 'Object Repository/secondhand-app/Page Delete Product/android.widget.ImageView-Button Delete'

2023-07-24 11:43:45 - [MESSAGE][PASSED] - Call Test Case 'Test Cases/secondhand-app/Pages/Delete Product/Tap Icon Trash 1' successfully

2023-07-24 11:43:45 - [TEST_STEP][PASSED] - callTestCase(findTestCase("secondhand-app/Pages/Delete Product/Tap Hapus"), [:], STOP_ON_FAILURE): Call Test Case 'Test Cases/secondhand-app/Pages/Delete Product/Tap Hapus' successfully

2023-07-24 11:43:45 - [MESSAGE][INFO] - Checking called Test Case

2023-07-24 11:43:45 - [MESSAGE][INFO] - Starting to call Test Case 'Test Cases/secondhand-app/Pages/Delete Product/Tap Hapus'

2023-07-24 11:43:46 - [TEST_CASE][PASSED] - Test Cases/secondhand-app/Pages/Delete Product/Tap Hapus: Test Cases/secondhand-app/Pages/Delete Product/Tap Hapus

2023-07-24 11:43:46 - [TEST_STEP][PASSED] - waitForElementPresent(findTestObject("secondhand-app/Page Delete Product/android.widget.TextView - Hapus"), 2): Element 'Object Repository/secondhand-app/Page Delete Product/android.widget.TextView - Hapus' is present

2023-07-24 11:43:46 - [MESSAGE][INFO] - Finding Test Object 'Object Repository/secondhand-app/Page Delete Product/android.widget.TextView - Hapus'

2023-07-24 11:43:46 - [MESSAGE][INFO] - Checking object

2023-07-24 11:43:46 - [MESSAGE][INFO] - Checking timeout

2023-07-24 11:43:47 - [MESSAGE][PASSED] - Element 'Object Repository/secondhand-app/Page Delete Product/android.widget.TextView - Hapus' is present

2023-07-24 11:43:47 - [TEST_STEP][PASSED] - tap(findTestObject("secondhand-app/Page Delete Product/android.widget.TextView - Hapus"), 0): Tapped on element 'Object Repository/secondhand-app/Page Delete Product/android.widget.TextView - Hapus'

2023-07-24 11:43:47 - [MESSAGE][INFO] - Finding Test Object 'Object Repository/secondhand-app/Page Delete Product/android.widget.TextView - Hapus'

2023-07-24 11:43:47 - [MESSAGE][INFO] - Checking object

2023-07-24 11:43:47 - [MESSAGE][INFO] - Checking timeout

2023-07-24 11:43:47 - [MESSAGE][WARNING] - Timeout '0' is invalid. Using default page load timeout: '30'

2023-07-24 11:43:47 - [MESSAGE][PASSED] - Tapped on element 'Object Repository/secondhand-app/Page Delete Product/android.widget.TextView - Hapus'

2023-07-24 11:43:47 - [MESSAGE][PASSED] - Call Test Case 'Test Cases/secondhand-app/Pages/Delete Product/Tap Hapus' successfully

2023-07-24 11:43:47 - [TEST_STEP][PASSED] - callTestCase(findTestCase("secondhand-app/Pages/Detail Product/Tap Button Back"), [:], STOP_ON_FAILURE): Call Test Case 'Test Cases/secondhand-app/Pages/Detail Product/Tap Button Back' successfully

2023-07-24 11:43:47 - [MESSAGE][INFO] - Checking called Test Case

2023-07-24 11:43:47 - [MESSAGE][INFO] - Starting to call Test Case 'Test Cases/secondhand-app/Pages/Detail Product/Tap Button Back'

2023-07-24 11:43:47 - [TEST_CASE][PASSED] - Test Cases/secondhand-app/Pages/Detail Product/Tap Button Back: Test Cases/secondhand-app/Pages/Detail Product/Tap Button Back

2023-07-24 11:43:47 - [TEST_STEP][PASSED] - waitForElementPresent(findTestObject("secondhand-app/Page Daftar Jual Saya/Button Back"), 5): Element 'Object Repository/secondhand-app/Page Daftar Jual Saya/Button Back' is present

2023-07-24 11:43:47 - [MESSAGE][INFO] - Finding Test Object 'Object Repository/secondhand-app/Page Daftar Jual Saya/Button Back'

2023-07-24 11:43:47 - [MESSAGE][INFO] - Checking object

2023-07-24 11:43:47 - [MESSAGE][INFO] - Checking timeout

2023-07-24 11:43:48 - [MESSAGE][PASSED] - Element 'Object Repository/secondhand-app/Page Daftar Jual Saya/Button Back' is present

2023-07-24 11:43:48 - [TEST_STEP][PASSED] - tap(findTestObject("secondhand-app/Page Daftar Jual Saya/Button Back"), 0): Tapped on element 'Object Repository/secondhand-app/Page Daftar Jual Saya/Button Back'

2023-07-24 11:43:48 - [MESSAGE][INFO] - Finding Test Object 'Object Repository/secondhand-app/Page Daftar Jual Saya/Button Back'

2023-07-24 11:43:48 - [MESSAGE][INFO] - Checking object

2023-07-24 11:43:48 - [MESSAGE][INFO] - Checking timeout

2023-07-24 11:43:48 - [MESSAGE][WARNING] - Timeout '0' is invalid. Using default page load timeout: '30'

2023-07-24 11:43:49 - [MESSAGE][PASSED] - Tapped on element 'Object Repository/secondhand-app/Page Daftar Jual Saya/Button Back'

2023-07-24 11:43:49 - [MESSAGE][PASSED] - Call Test Case 'Test Cases/secondhand-app/Pages/Detail Product/Tap Button Back' successfully

2023-07-24 11:43:49 - [TEST_STEP][PASSED] - callTestCase(findTestCase("secondhand-app/Pages/User Logout/Button Logout"), [:], STOP_ON_FAILURE): Call Test Case 'Test Cases/secondhand-app/Pages/User Logout/Button Logout' successfully

2023-07-24 11:43:49 - [MESSAGE][INFO] - Checking called Test Case

2023-07-24 11:43:49 - [MESSAGE][INFO] - Starting to call Test Case 'Test Cases/secondhand-app/Pages/User Logout/Button Logout'

2023-07-24 11:43:49 - [TEST_CASE][PASSED] - Test Cases/secondhand-app/Pages/User Logout/Button Logout: Test Cases/secondhand-app/Pages/User Logout/Button Logout

2023-07-24 11:43:49 - [TEST_STEP][PASSED] - waitForElementPresent(findTestObject("secondhand-app/Page Logout/button logout"), 2): Element 'Object Repository/secondhand-app/Page Logout/button logout' is present

2023-07-24 11:43:49 - [MESSAGE][INFO] - Finding Test Object 'Object Repository/secondhand-app/Page Logout/button logout'

2023-07-24 11:43:49 - [MESSAGE][INFO] - Checking object

2023-07-24 11:43:49 - [MESSAGE][INFO] - Checking timeout

2023-07-24 11:43:50 - [MESSAGE][PASSED] - Element 'Object Repository/secondhand-app/Page Logout/button logout' is present

2023-07-24 11:43:50 - [TEST_STEP][PASSED] - tap(findTestObject("secondhand-app/Page Logout/button logout"), 0): Tapped on element 'Object Repository/secondhand-app/Page Logout/button logout'

2023-07-24 11:43:50 - [MESSAGE][INFO] - Finding Test Object 'Object Repository/secondhand-app/Page Logout/button logout'

2023-07-24 11:43:50 - [MESSAGE][INFO] - Checking object

2023-07-24 11:43:50 - [MESSAGE][INFO] - Checking timeout

2023-07-24 11:43:50 - [MESSAGE][WARNING] - Timeout '0' is invalid. Using default page load timeout: '30'

2023-07-24 11:43:50 - [MESSAGE][PASSED] - Tapped on element 'Object Repository/secondhand-app/Page Logout/button logout'

2023-07-24 11:43:50 - [MESSAGE][PASSED] - Call Test Case 'Test Cases/secondhand-app/Pages/User Logout/Button Logout' successfully

2023-07-24 11:43:50 - [TEST_STEP][PASSED] - closeApplication(): Close app successfully

2023-07-24 11:43:51 - [MESSAGE][PASSED] - Close app successfully]]></system-out>
         <system-err><![CDATA[]]></system-err>
      </testcase>
      <testcase name="Test Cases/secondhand-app/Step Definition/Feature Delete Product/PHP002 - user should not be able to delete product with tap batalkan" time="43.061" classname="Test Cases/secondhand-app/Step Definition/Feature Delete Product/PHP002 - user should not be able to delete product with tap batalkan" status="PASSED">
         <system-out><![CDATA[2023-07-24 11:43:51 - [TEST_CASE][PASSED] - Test Cases/secondhand-app/Step Definition/Feature Delete Product/PHP002 - user should not be able to delete product with tap batalkan: Test Cases/secondhand-app/Step Definition/Feature Delete Product/PHP002 - user should not be able to delete product with tap batalkan

2023-07-24 11:43:51 - [TEST_STEP][PASSED] - startApplication("androidapp/app-release-second-hand-gcp.apk", false): Started app at: 'C:\Users\mhmdr\Desktop\SQA-Wave9-Kelompok2\androidapp\app-release-second-hand-gcp.apk'

2023-07-24 11:43:51 - [MESSAGE][INFO] - Starting app at: 'C:\Users\mhmdr\Desktop\SQA-Wave9-Kelompok2\androidapp\app-release-second-hand-gcp.apk'

2023-07-24 11:43:51 - [MESSAGE][INFO] - Detected NodeJS location: "C:\Program Files\nodejs\node.exe"

2023-07-24 11:43:52 - [MESSAGE][INFO] - Appium server started on port 53,013

2023-07-24 11:44:02 - [MESSAGE][PASSED] - Started app at: 'C:\Users\mhmdr\Desktop\SQA-Wave9-Kelompok2\androidapp\app-release-second-hand-gcp.apk'

2023-07-24 11:44:02 - [TEST_STEP][PASSED] - callTestCase(findTestCase("secondhand-app/Pages/MenuBar App/Tap Akun"), [:], STOP_ON_FAILURE): Call Test Case 'Test Cases/secondhand-app/Pages/MenuBar App/Tap Akun' successfully

2023-07-24 11:44:02 - [MESSAGE][INFO] - Checking called Test Case

2023-07-24 11:44:02 - [MESSAGE][INFO] - Starting to call Test Case 'Test Cases/secondhand-app/Pages/MenuBar App/Tap Akun'

2023-07-24 11:44:02 - [TEST_CASE][PASSED] - Test Cases/secondhand-app/Pages/MenuBar App/Tap Akun: Test Cases/secondhand-app/Pages/MenuBar App/Tap Akun

2023-07-24 11:44:02 - [TEST_STEP][PASSED] - waitForElementPresent(findTestObject("secondhand-app/MenuBar App/android.widget.TextView - Akun"), 2): Element 'Object Repository/secondhand-app/MenuBar App/android.widget.TextView - Akun' is present

2023-07-24 11:44:02 - [MESSAGE][INFO] - Finding Test Object 'Object Repository/secondhand-app/MenuBar App/android.widget.TextView - Akun'

2023-07-24 11:44:02 - [MESSAGE][INFO] - Checking object

2023-07-24 11:44:02 - [MESSAGE][INFO] - Checking timeout

2023-07-24 11:44:05 - [MESSAGE][PASSED] - Element 'Object Repository/secondhand-app/MenuBar App/android.widget.TextView - Akun' is present

2023-07-24 11:44:05 - [TEST_STEP][PASSED] - tap(findTestObject("secondhand-app/MenuBar App/android.widget.TextView - Akun"), 2): Tapped on element 'Object Repository/secondhand-app/MenuBar App/android.widget.TextView - Akun'

2023-07-24 11:44:05 - [MESSAGE][INFO] - Finding Test Object 'Object Repository/secondhand-app/MenuBar App/android.widget.TextView - Akun'

2023-07-24 11:44:05 - [MESSAGE][INFO] - Checking object

2023-07-24 11:44:05 - [MESSAGE][INFO] - Checking timeout

2023-07-24 11:44:07 - [MESSAGE][PASSED] - Tapped on element 'Object Repository/secondhand-app/MenuBar App/android.widget.TextView - Akun'

2023-07-24 11:44:07 - [MESSAGE][PASSED] - Call Test Case 'Test Cases/secondhand-app/Pages/MenuBar App/Tap Akun' successfully

2023-07-24 11:44:07 - [TEST_STEP][PASSED] - callTestCase(findTestCase("secondhand-app/Pages/My Account/Tap Masuk"), [:], STOP_ON_FAILURE): Call Test Case 'Test Cases/secondhand-app/Pages/My Account/Tap Masuk' successfully

2023-07-24 11:44:07 - [MESSAGE][INFO] - Checking called Test Case

2023-07-24 11:44:07 - [MESSAGE][INFO] - Starting to call Test Case 'Test Cases/secondhand-app/Pages/My Account/Tap Masuk'

2023-07-24 11:44:07 - [TEST_CASE][PASSED] - Test Cases/secondhand-app/Pages/My Account/Tap Masuk: Test Cases/secondhand-app/Pages/My Account/Tap Masuk

2023-07-24 11:44:07 - [TEST_STEP][PASSED] - waitForElementPresent(findTestObject("secondhand-app/Page Account/android.widget.Button - Masuk"), 2): Element 'Object Repository/secondhand-app/Page Account/android.widget.Button - Masuk' is present

2023-07-24 11:44:07 - [MESSAGE][INFO] - Finding Test Object 'Object Repository/secondhand-app/Page Account/android.widget.Button - Masuk'

2023-07-24 11:44:07 - [MESSAGE][INFO] - Checking object

2023-07-24 11:44:07 - [MESSAGE][INFO] - Checking timeout

2023-07-24 11:44:08 - [MESSAGE][PASSED] - Element 'Object Repository/secondhand-app/Page Account/android.widget.Button - Masuk' is present

2023-07-24 11:44:08 - [TEST_STEP][PASSED] - tap(findTestObject("secondhand-app/Page Account/android.widget.Button - Masuk"), 2): Tapped on element 'Object Repository/secondhand-app/Page Account/android.widget.Button - Masuk'

2023-07-24 11:44:08 - [MESSAGE][INFO] - Finding Test Object 'Object Repository/secondhand-app/Page Account/android.widget.Button - Masuk'

2023-07-24 11:44:08 - [MESSAGE][INFO] - Checking object

2023-07-24 11:44:08 - [MESSAGE][INFO] - Checking timeout

2023-07-24 11:44:08 - [MESSAGE][PASSED] - Tapped on element 'Object Repository/secondhand-app/Page Account/android.widget.Button - Masuk'

2023-07-24 11:44:08 - [MESSAGE][PASSED] - Call Test Case 'Test Cases/secondhand-app/Pages/My Account/Tap Masuk' successfully

2023-07-24 11:44:08 - [TEST_STEP][PASSED] - callTestCase(findTestCase("secondhand-app/Pages/User Login/Input Email - Rizki Valid"), [:], STOP_ON_FAILURE): Call Test Case 'Test Cases/secondhand-app/Pages/User Login/Input Email - Rizki Valid' successfully

2023-07-24 11:44:08 - [MESSAGE][INFO] - Checking called Test Case

2023-07-24 11:44:08 - [MESSAGE][INFO] - Starting to call Test Case 'Test Cases/secondhand-app/Pages/User Login/Input Email - Rizki Valid'

2023-07-24 11:44:08 - [TEST_CASE][PASSED] - Test Cases/secondhand-app/Pages/User Login/Input Email - Rizki Valid: Test Cases/secondhand-app/Pages/User Login/Input Email - Rizki Valid

2023-07-24 11:44:08 - [TEST_STEP][PASSED] - clearText(findTestObject("secondhand-app/Page Login/android.widget.EditText - Masukkan email"), 1): Element 'Object Repository/secondhand-app/Page Login/android.widget.EditText - Masukkan email' text is cleared

2023-07-24 11:44:08 - [MESSAGE][INFO] - Finding Test Object 'Object Repository/secondhand-app/Page Login/android.widget.EditText - Masukkan email'

2023-07-24 11:44:08 - [MESSAGE][INFO] - Checking object

2023-07-24 11:44:08 - [MESSAGE][INFO] - Checking timeout

2023-07-24 11:44:10 - [MESSAGE][PASSED] - Element 'Object Repository/secondhand-app/Page Login/android.widget.EditText - Masukkan email' text is cleared

2023-07-24 11:44:10 - [TEST_STEP][PASSED] - setText(findTestObject("secondhand-app/Page Login/android.widget.EditText - Masukkan email"), "mhmdrizki250@gmail.com", 0): Text 'mhmdrizki250@gmail.com' has been set to element 'Object Repository/secondhand-app/Page Login/android.widget.EditText - Masukkan email'

2023-07-24 11:44:10 - [MESSAGE][INFO] - Finding Test Object 'Object Repository/secondhand-app/Page Login/android.widget.EditText - Masukkan email'

2023-07-24 11:44:10 - [MESSAGE][INFO] - Checking object

2023-07-24 11:44:10 - [MESSAGE][INFO] - Checking timeout

2023-07-24 11:44:10 - [MESSAGE][WARNING] - Timeout '0' is invalid. Using default page load timeout: '30'

2023-07-24 11:44:11 - [MESSAGE][PASSED] - Text 'mhmdrizki250@gmail.com' has been set to element 'Object Repository/secondhand-app/Page Login/android.widget.EditText - Masukkan email'

2023-07-24 11:44:11 - [TEST_STEP][PASSED] - takeScreenshot("screenshot", STOP_ON_FAILURE): Screenshot is taken

2023-07-24 11:44:11 - [MESSAGE][PASSED] - Screenshot is taken
[[ATTACHMENT|C:\\Users\\mhmdr\\Desktop\\SQA-Wave9-Kelompok2\\Reports\\20230724_114304\\secondhand-app\\Feature Delete Product\\20230724_114304\\screenshot]]

2023-07-24 11:44:11 - [MESSAGE][PASSED] - Call Test Case 'Test Cases/secondhand-app/Pages/User Login/Input Email - Rizki Valid' successfully

2023-07-24 11:44:11 - [TEST_STEP][PASSED] - callTestCase(findTestCase("secondhand-app/Pages/User Login/Input Password - Rizki Valid"), [:], STOP_ON_FAILURE): Call Test Case 'Test Cases/secondhand-app/Pages/User Login/Input Password - Rizki Valid' successfully

2023-07-24 11:44:11 - [MESSAGE][INFO] - Checking called Test Case

2023-07-24 11:44:11 - [MESSAGE][INFO] - Starting to call Test Case 'Test Cases/secondhand-app/Pages/User Login/Input Password - Rizki Valid'

2023-07-24 11:44:12 - [TEST_CASE][PASSED] - Test Cases/secondhand-app/Pages/User Login/Input Password - Rizki Valid: Test Cases/secondhand-app/Pages/User Login/Input Password - Rizki Valid

2023-07-24 11:44:12 - [TEST_STEP][PASSED] - clearText(findTestObject("secondhand-app/Page Login/android.widget.EditText - Masukkan password"), 1): Element 'Object Repository/secondhand-app/Page Login/android.widget.EditText - Masukkan password' text is cleared

2023-07-24 11:44:12 - [MESSAGE][INFO] - Finding Test Object 'Object Repository/secondhand-app/Page Login/android.widget.EditText - Masukkan password'

2023-07-24 11:44:12 - [MESSAGE][INFO] - Checking object

2023-07-24 11:44:12 - [MESSAGE][INFO] - Checking timeout

2023-07-24 11:44:12 - [MESSAGE][PASSED] - Element 'Object Repository/secondhand-app/Page Login/android.widget.EditText - Masukkan password' text is cleared

2023-07-24 11:44:12 - [TEST_STEP][PASSED] - setText(findTestObject("secondhand-app/Page Login/android.widget.EditText - Masukkan password"), "Kiki12345", 0): Text 'Kiki12345' has been set to element 'Object Repository/secondhand-app/Page Login/android.widget.EditText - Masukkan password'

2023-07-24 11:44:12 - [MESSAGE][INFO] - Finding Test Object 'Object Repository/secondhand-app/Page Login/android.widget.EditText - Masukkan password'

2023-07-24 11:44:12 - [MESSAGE][INFO] - Checking object

2023-07-24 11:44:12 - [MESSAGE][INFO] - Checking timeout

2023-07-24 11:44:12 - [MESSAGE][WARNING] - Timeout '0' is invalid. Using default page load timeout: '30'

2023-07-24 11:44:13 - [MESSAGE][PASSED] - Text 'Kiki12345' has been set to element 'Object Repository/secondhand-app/Page Login/android.widget.EditText - Masukkan password'

2023-07-24 11:44:13 - [TEST_STEP][PASSED] - takeScreenshot("screenshot", STOP_ON_FAILURE): Screenshot is taken

2023-07-24 11:44:14 - [MESSAGE][PASSED] - Screenshot is taken
[[ATTACHMENT|C:\\Users\\mhmdr\\Desktop\\SQA-Wave9-Kelompok2\\Reports\\20230724_114304\\secondhand-app\\Feature Delete Product\\20230724_114304\\screenshot]]

2023-07-24 11:44:14 - [MESSAGE][PASSED] - Call Test Case 'Test Cases/secondhand-app/Pages/User Login/Input Password - Rizki Valid' successfully

2023-07-24 11:44:14 - [TEST_STEP][PASSED] - callTestCase(findTestCase("secondhand-app/Pages/User Login/Tap Masuk"), [:], STOP_ON_FAILURE): Call Test Case 'Test Cases/secondhand-app/Pages/User Login/Tap Masuk' successfully

2023-07-24 11:44:14 - [MESSAGE][INFO] - Checking called Test Case

2023-07-24 11:44:14 - [MESSAGE][INFO] - Starting to call Test Case 'Test Cases/secondhand-app/Pages/User Login/Tap Masuk'

2023-07-24 11:44:14 - [TEST_CASE][PASSED] - Test Cases/secondhand-app/Pages/User Login/Tap Masuk: Test Cases/secondhand-app/Pages/User Login/Tap Masuk

2023-07-24 11:44:14 - [TEST_STEP][PASSED] - waitForElementPresent(findTestObject("secondhand-app/Page Login/android.widget.Button - Masuk"), 1): Element 'Object Repository/secondhand-app/Page Login/android.widget.Button - Masuk' is present

2023-07-24 11:44:14 - [MESSAGE][INFO] - Finding Test Object 'Object Repository/secondhand-app/Page Login/android.widget.Button - Masuk'

2023-07-24 11:44:14 - [MESSAGE][INFO] - Checking object

2023-07-24 11:44:14 - [MESSAGE][INFO] - Checking timeout

2023-07-24 11:44:14 - [MESSAGE][PASSED] - Element 'Object Repository/secondhand-app/Page Login/android.widget.Button - Masuk' is present

2023-07-24 11:44:14 - [TEST_STEP][PASSED] - tap(findTestObject("secondhand-app/Page Login/android.widget.Button - Masuk"), 1): Tapped on element 'Object Repository/secondhand-app/Page Login/android.widget.Button - Masuk'

2023-07-24 11:44:14 - [MESSAGE][INFO] - Finding Test Object 'Object Repository/secondhand-app/Page Login/android.widget.Button - Masuk'

2023-07-24 11:44:14 - [MESSAGE][INFO] - Checking object

2023-07-24 11:44:14 - [MESSAGE][INFO] - Checking timeout

2023-07-24 11:44:16 - [MESSAGE][PASSED] - Tapped on element 'Object Repository/secondhand-app/Page Login/android.widget.Button - Masuk'

2023-07-24 11:44:16 - [MESSAGE][PASSED] - Call Test Case 'Test Cases/secondhand-app/Pages/User Login/Tap Masuk' successfully

2023-07-24 11:44:16 - [TEST_STEP][PASSED] - callTestCase(findTestCase("secondhand-app/Pages/My Account - Login/Tap Daftar Jual Saya"), [:], STOP_ON_FAILURE): Call Test Case 'Test Cases/secondhand-app/Pages/My Account - Login/Tap Daftar Jual Saya' successfully

2023-07-24 11:44:16 - [MESSAGE][INFO] - Checking called Test Case

2023-07-24 11:44:16 - [MESSAGE][INFO] - Starting to call Test Case 'Test Cases/secondhand-app/Pages/My Account - Login/Tap Daftar Jual Saya'

2023-07-24 11:44:16 - [TEST_CASE][PASSED] - Test Cases/secondhand-app/Pages/My Account - Login/Tap Daftar Jual Saya: Test Cases/secondhand-app/Pages/My Account - Login/Tap Daftar Jual Saya

2023-07-24 11:44:16 - [TEST_STEP][PASSED] - waitForElementPresent(findTestObject("secondhand-app/Page Account/android.widget.TextView - Daftar Jual Saya"), 2): Element 'Object Repository/secondhand-app/Page Account/android.widget.TextView - Daftar Jual Saya' is present

2023-07-24 11:44:16 - [MESSAGE][INFO] - Finding Test Object 'Object Repository/secondhand-app/Page Account/android.widget.TextView - Daftar Jual Saya'

2023-07-24 11:44:16 - [MESSAGE][INFO] - Checking object

2023-07-24 11:44:16 - [MESSAGE][INFO] - Checking timeout

2023-07-24 11:44:16 - [MESSAGE][PASSED] - Element 'Object Repository/secondhand-app/Page Account/android.widget.TextView - Daftar Jual Saya' is present

2023-07-24 11:44:16 - [TEST_STEP][PASSED] - tap(findTestObject("secondhand-app/Page Account/android.widget.TextView - Daftar Jual Saya"), 0): Tapped on element 'Object Repository/secondhand-app/Page Account/android.widget.TextView - Daftar Jual Saya'

2023-07-24 11:44:16 - [MESSAGE][INFO] - Finding Test Object 'Object Repository/secondhand-app/Page Account/android.widget.TextView - Daftar Jual Saya'

2023-07-24 11:44:16 - [MESSAGE][INFO] - Checking object

2023-07-24 11:44:16 - [MESSAGE][INFO] - Checking timeout

2023-07-24 11:44:16 - [MESSAGE][WARNING] - Timeout '0' is invalid. Using default page load timeout: '30'

2023-07-24 11:44:16 - [MESSAGE][PASSED] - Tapped on element 'Object Repository/secondhand-app/Page Account/android.widget.TextView - Daftar Jual Saya'

2023-07-24 11:44:16 - [MESSAGE][PASSED] - Call Test Case 'Test Cases/secondhand-app/Pages/My Account - Login/Tap Daftar Jual Saya' successfully

2023-07-24 11:44:16 - [TEST_STEP][PASSED] - callTestCase(findTestCase("secondhand-app/Pages/Detail Product/Tap Product"), [:], STOP_ON_FAILURE): Call Test Case 'Test Cases/secondhand-app/Pages/Detail Product/Tap Product' successfully

2023-07-24 11:44:16 - [MESSAGE][INFO] - Checking called Test Case

2023-07-24 11:44:16 - [MESSAGE][INFO] - Starting to call Test Case 'Test Cases/secondhand-app/Pages/Detail Product/Tap Product'

2023-07-24 11:44:16 - [TEST_CASE][PASSED] - Test Cases/secondhand-app/Pages/Detail Product/Tap Product: Test Cases/secondhand-app/Pages/Detail Product/Tap Product

2023-07-24 11:44:16 - [TEST_STEP][PASSED] - waitForElementPresent(findTestObject("secondhand-app/Page Daftar Jual Saya/android.widget.TextView - Produk"), 5): Element 'Object Repository/secondhand-app/Page Daftar Jual Saya/android.widget.TextView - Produk' is present

2023-07-24 11:44:16 - [MESSAGE][INFO] - Finding Test Object 'Object Repository/secondhand-app/Page Daftar Jual Saya/android.widget.TextView - Produk'

2023-07-24 11:44:16 - [MESSAGE][INFO] - Checking object

2023-07-24 11:44:16 - [MESSAGE][INFO] - Checking timeout

2023-07-24 11:44:17 - [MESSAGE][PASSED] - Element 'Object Repository/secondhand-app/Page Daftar Jual Saya/android.widget.TextView - Produk' is present

2023-07-24 11:44:17 - [TEST_STEP][PASSED] - tap(findTestObject("secondhand-app/Page Daftar Jual Saya/android.widget.TextView - Produk"), 0): Tapped on element 'Object Repository/secondhand-app/Page Daftar Jual Saya/android.widget.TextView - Produk'

2023-07-24 11:44:17 - [MESSAGE][INFO] - Finding Test Object 'Object Repository/secondhand-app/Page Daftar Jual Saya/android.widget.TextView - Produk'

2023-07-24 11:44:17 - [MESSAGE][INFO] - Checking object

2023-07-24 11:44:17 - [MESSAGE][INFO] - Checking timeout

2023-07-24 11:44:17 - [MESSAGE][WARNING] - Timeout '0' is invalid. Using default page load timeout: '30'

2023-07-24 11:44:18 - [MESSAGE][PASSED] - Tapped on element 'Object Repository/secondhand-app/Page Daftar Jual Saya/android.widget.TextView - Produk'

2023-07-24 11:44:18 - [MESSAGE][PASSED] - Call Test Case 'Test Cases/secondhand-app/Pages/Detail Product/Tap Product' successfully

2023-07-24 11:44:18 - [TEST_STEP][PASSED] - callTestCase(findTestCase("secondhand-app/Pages/Delete Product/Tap Icon Trash 1"), [:], STOP_ON_FAILURE): Call Test Case 'Test Cases/secondhand-app/Pages/Delete Product/Tap Icon Trash 1' successfully

2023-07-24 11:44:18 - [MESSAGE][INFO] - Checking called Test Case

2023-07-24 11:44:18 - [MESSAGE][INFO] - Starting to call Test Case 'Test Cases/secondhand-app/Pages/Delete Product/Tap Icon Trash 1'

2023-07-24 11:44:18 - [TEST_CASE][PASSED] - Test Cases/secondhand-app/Pages/Delete Product/Tap Icon Trash 1: Test Cases/secondhand-app/Pages/Delete Product/Tap Icon Trash 1

2023-07-24 11:44:18 - [TEST_STEP][PASSED] - waitForElementPresent(findTestObject("secondhand-app/Page Delete Product/android.widget.ImageView-Button Delete"), 5): Object Object Repository/secondhand-app/Page Delete Product/android.widget.ImageView-Button Delete not found

2023-07-24 11:44:18 - [MESSAGE][INFO] - Finding Test Object 'Object Repository/secondhand-app/Page Delete Product/android.widget.ImageView-Button Delete'

2023-07-24 11:44:18 - [MESSAGE][INFO] - Checking object

2023-07-24 11:44:18 - [MESSAGE][INFO] - Checking timeout

2023-07-24 11:44:23 - [MESSAGE][WARNING] - Object Object Repository/secondhand-app/Page Delete Product/android.widget.ImageView-Button Delete not found

2023-07-24 11:44:23 - [TEST_STEP][PASSED] - tap(findTestObject("secondhand-app/Page Delete Product/android.widget.ImageView-Button Delete"), 0): Tapped on element 'Object Repository/secondhand-app/Page Delete Product/android.widget.ImageView-Button Delete'

2023-07-24 11:44:23 - [MESSAGE][INFO] - Finding Test Object 'Object Repository/secondhand-app/Page Delete Product/android.widget.ImageView-Button Delete'

2023-07-24 11:44:23 - [MESSAGE][INFO] - Checking object

2023-07-24 11:44:23 - [MESSAGE][INFO] - Checking timeout

2023-07-24 11:44:23 - [MESSAGE][WARNING] - Timeout '0' is invalid. Using default page load timeout: '30'

2023-07-24 11:44:29 - [MESSAGE][PASSED] - Tapped on element 'Object Repository/secondhand-app/Page Delete Product/android.widget.ImageView-Button Delete'

2023-07-24 11:44:29 - [MESSAGE][PASSED] - Call Test Case 'Test Cases/secondhand-app/Pages/Delete Product/Tap Icon Trash 1' successfully

2023-07-24 11:44:29 - [TEST_STEP][PASSED] - callTestCase(findTestCase("secondhand-app/Pages/Delete Product/Tap Batalkan"), [:], STOP_ON_FAILURE): Call Test Case 'Test Cases/secondhand-app/Pages/Delete Product/Tap Batalkan' successfully

2023-07-24 11:44:29 - [MESSAGE][INFO] - Checking called Test Case

2023-07-24 11:44:29 - [MESSAGE][INFO] - Starting to call Test Case 'Test Cases/secondhand-app/Pages/Delete Product/Tap Batalkan'

2023-07-24 11:44:29 - [TEST_CASE][PASSED] - Test Cases/secondhand-app/Pages/Delete Product/Tap Batalkan: Test Cases/secondhand-app/Pages/Delete Product/Tap Batalkan

2023-07-24 11:44:30 - [TEST_STEP][PASSED] - waitForElementPresent(findTestObject("secondhand-app/Page Delete Product/android.widget.TextView - Batalkan"), 2): Element 'Object Repository/secondhand-app/Page Delete Product/android.widget.TextView - Batalkan' is present

2023-07-24 11:44:30 - [MESSAGE][INFO] - Finding Test Object 'Object Repository/secondhand-app/Page Delete Product/android.widget.TextView - Batalkan'

2023-07-24 11:44:30 - [MESSAGE][INFO] - Checking object

2023-07-24 11:44:30 - [MESSAGE][INFO] - Checking timeout

2023-07-24 11:44:30 - [MESSAGE][PASSED] - Element 'Object Repository/secondhand-app/Page Delete Product/android.widget.TextView - Batalkan' is present

2023-07-24 11:44:30 - [TEST_STEP][PASSED] - tap(findTestObject("secondhand-app/Page Delete Product/android.widget.TextView - Batalkan"), 0): Tapped on element 'Object Repository/secondhand-app/Page Delete Product/android.widget.TextView - Batalkan'

2023-07-24 11:44:30 - [MESSAGE][INFO] - Finding Test Object 'Object Repository/secondhand-app/Page Delete Product/android.widget.TextView - Batalkan'

2023-07-24 11:44:30 - [MESSAGE][INFO] - Checking object

2023-07-24 11:44:30 - [MESSAGE][INFO] - Checking timeout

2023-07-24 11:44:30 - [MESSAGE][WARNING] - Timeout '0' is invalid. Using default page load timeout: '30'

2023-07-24 11:44:30 - [MESSAGE][PASSED] - Tapped on element 'Object Repository/secondhand-app/Page Delete Product/android.widget.TextView - Batalkan'

2023-07-24 11:44:30 - [MESSAGE][PASSED] - Call Test Case 'Test Cases/secondhand-app/Pages/Delete Product/Tap Batalkan' successfully

2023-07-24 11:44:30 - [TEST_STEP][PASSED] - callTestCase(findTestCase("secondhand-app/Pages/Detail Product/Tap Button Back"), [:], STOP_ON_FAILURE): Call Test Case 'Test Cases/secondhand-app/Pages/Detail Product/Tap Button Back' successfully

2023-07-24 11:44:30 - [MESSAGE][INFO] - Checking called Test Case

2023-07-24 11:44:30 - [MESSAGE][INFO] - Starting to call Test Case 'Test Cases/secondhand-app/Pages/Detail Product/Tap Button Back'

2023-07-24 11:44:30 - [TEST_CASE][PASSED] - Test Cases/secondhand-app/Pages/Detail Product/Tap Button Back: Test Cases/secondhand-app/Pages/Detail Product/Tap Button Back

2023-07-24 11:44:30 - [TEST_STEP][PASSED] - waitForElementPresent(findTestObject("secondhand-app/Page Daftar Jual Saya/Button Back"), 5): Element 'Object Repository/secondhand-app/Page Daftar Jual Saya/Button Back' is present

2023-07-24 11:44:30 - [MESSAGE][INFO] - Finding Test Object 'Object Repository/secondhand-app/Page Daftar Jual Saya/Button Back'

2023-07-24 11:44:30 - [MESSAGE][INFO] - Checking object

2023-07-24 11:44:30 - [MESSAGE][INFO] - Checking timeout

2023-07-24 11:44:31 - [MESSAGE][PASSED] - Element 'Object Repository/secondhand-app/Page Daftar Jual Saya/Button Back' is present

2023-07-24 11:44:31 - [TEST_STEP][PASSED] - tap(findTestObject("secondhand-app/Page Daftar Jual Saya/Button Back"), 0): Tapped on element 'Object Repository/secondhand-app/Page Daftar Jual Saya/Button Back'

2023-07-24 11:44:31 - [MESSAGE][INFO] - Finding Test Object 'Object Repository/secondhand-app/Page Daftar Jual Saya/Button Back'

2023-07-24 11:44:31 - [MESSAGE][INFO] - Checking object

2023-07-24 11:44:31 - [MESSAGE][INFO] - Checking timeout

2023-07-24 11:44:31 - [MESSAGE][WARNING] - Timeout '0' is invalid. Using default page load timeout: '30'

2023-07-24 11:44:31 - [MESSAGE][PASSED] - Tapped on element 'Object Repository/secondhand-app/Page Daftar Jual Saya/Button Back'

2023-07-24 11:44:31 - [MESSAGE][PASSED] - Call Test Case 'Test Cases/secondhand-app/Pages/Detail Product/Tap Button Back' successfully

2023-07-24 11:44:31 - [TEST_STEP][PASSED] - callTestCase(findTestCase("secondhand-app/Pages/User Logout/Button Logout"), [:], STOP_ON_FAILURE): Call Test Case 'Test Cases/secondhand-app/Pages/User Logout/Button Logout' successfully

2023-07-24 11:44:31 - [MESSAGE][INFO] - Checking called Test Case

2023-07-24 11:44:31 - [MESSAGE][INFO] - Starting to call Test Case 'Test Cases/secondhand-app/Pages/User Logout/Button Logout'

2023-07-24 11:44:31 - [TEST_CASE][PASSED] - Test Cases/secondhand-app/Pages/User Logout/Button Logout: Test Cases/secondhand-app/Pages/User Logout/Button Logout

2023-07-24 11:44:31 - [TEST_STEP][PASSED] - waitForElementPresent(findTestObject("secondhand-app/Page Logout/button logout"), 2): Element 'Object Repository/secondhand-app/Page Logout/button logout' is present

2023-07-24 11:44:31 - [MESSAGE][INFO] - Finding Test Object 'Object Repository/secondhand-app/Page Logout/button logout'

2023-07-24 11:44:31 - [MESSAGE][INFO] - Checking object

2023-07-24 11:44:31 - [MESSAGE][INFO] - Checking timeout

2023-07-24 11:44:32 - [MESSAGE][PASSED] - Element 'Object Repository/secondhand-app/Page Logout/button logout' is present

2023-07-24 11:44:32 - [TEST_STEP][PASSED] - tap(findTestObject("secondhand-app/Page Logout/button logout"), 0): Tapped on element 'Object Repository/secondhand-app/Page Logout/button logout'

2023-07-24 11:44:32 - [MESSAGE][INFO] - Finding Test Object 'Object Repository/secondhand-app/Page Logout/button logout'

2023-07-24 11:44:32 - [MESSAGE][INFO] - Checking object

2023-07-24 11:44:32 - [MESSAGE][INFO] - Checking timeout

2023-07-24 11:44:32 - [MESSAGE][WARNING] - Timeout '0' is invalid. Using default page load timeout: '30'

2023-07-24 11:44:33 - [MESSAGE][PASSED] - Tapped on element 'Object Repository/secondhand-app/Page Logout/button logout'

2023-07-24 11:44:33 - [MESSAGE][PASSED] - Call Test Case 'Test Cases/secondhand-app/Pages/User Logout/Button Logout' successfully

2023-07-24 11:44:33 - [TEST_STEP][PASSED] - closeApplication(): Close app successfully

2023-07-24 11:44:34 - [MESSAGE][PASSED] - Close app successfully]]></system-out>
         <system-err><![CDATA[]]></system-err>
      </testcase>
      <system-out><![CDATA[2023-07-24 11:43:06 - [TEST_SUITE][PASSED] - Feature Delete Product: Test Cases/secondhand-app/Step Definition/Feature Delete Product/PHP002 - user should not be able to delete product with tap batalkan]]></system-out>
      <system-err><![CDATA[]]></system-err>
   </testsuite>
</testsuites>
